2021-05-28 14:44:53.162  INFO 17272 --- [RMI TCP Connection(3)-127.0.0.1] inMXBeanRegistrar$SpringApplicationAdmin : Application shutdown requested.
2021-05-28 14:44:53.163  INFO 17272 --- [RMI TCP Connection(3)-127.0.0.1] o.s.b.a.ApplicationAvailabilityBean      : Application availability state ReadinessState changed from ACCEPTING_TRAFFIC to REFUSING_TRAFFIC
2021-05-28 14:45:06.292 DEBUG 9572 --- [main] s.w.s.m.m.a.RequestMappingHandlerAdapter : ControllerAdvice beans: 0 @ModelAttribute, 0 @InitBinder, 1 RequestBodyAdvice, 1 ResponseBodyAdvice
2021-05-28 14:45:06.404 DEBUG 9572 --- [main] s.w.s.m.m.a.RequestMappingHandlerMapping : 7 mappings in 'requestMappingHandlerMapping'
2021-05-28 14:45:06.451 DEBUG 9572 --- [main] o.s.w.s.handler.SimpleUrlHandlerMapping  : Patterns [/webjars/**, /**] in 'resourceHandlerMapping'
2021-05-28 14:45:06.465 DEBUG 9572 --- [main] .m.m.a.ExceptionHandlerExceptionResolver : ControllerAdvice beans: 0 @ExceptionHandler, 1 ResponseBodyAdvice
2021-05-28 15:03:48.442 DEBUG 16472 --- [main] s.w.s.m.m.a.RequestMappingHandlerAdapter : ControllerAdvice beans: 0 @ModelAttribute, 0 @InitBinder, 1 RequestBodyAdvice, 1 ResponseBodyAdvice
2021-05-28 15:03:48.556 DEBUG 16472 --- [main] s.w.s.m.m.a.RequestMappingHandlerMapping : 7 mappings in 'requestMappingHandlerMapping'
2021-05-28 15:03:48.603 DEBUG 16472 --- [main] o.s.w.s.handler.SimpleUrlHandlerMapping  : Patterns [/webjars/**, /**] in 'resourceHandlerMapping'
2021-05-28 15:03:48.629 DEBUG 16472 --- [main] .m.m.a.ExceptionHandlerExceptionResolver : ControllerAdvice beans: 0 @ExceptionHandler, 1 ResponseBodyAdvice
2021-05-28 15:04:11.252  INFO 16472 --- [http-nio-8080-exec-1] o.s.web.servlet.DispatcherServlet        : Initializing Servlet 'dispatcherServlet'
2021-05-28 15:04:11.253 DEBUG 16472 --- [http-nio-8080-exec-1] o.s.web.servlet.DispatcherServlet        : Detected StandardServletMultipartResolver
2021-05-28 15:04:11.254 DEBUG 16472 --- [http-nio-8080-exec-1] o.s.web.servlet.DispatcherServlet        : Detected AcceptHeaderLocaleResolver
2021-05-28 15:04:11.254 DEBUG 16472 --- [http-nio-8080-exec-1] o.s.web.servlet.DispatcherServlet        : Detected FixedThemeResolver
2021-05-28 15:04:11.255 DEBUG 16472 --- [http-nio-8080-exec-1] o.s.web.servlet.DispatcherServlet        : Detected org.springframework.web.servlet.view.DefaultRequestToViewNameTranslator@629600d7
2021-05-28 15:04:11.255 DEBUG 16472 --- [http-nio-8080-exec-1] o.s.web.servlet.DispatcherServlet        : Detected org.springframework.web.servlet.support.SessionFlashMapManager@2c465259
2021-05-28 15:04:11.255 DEBUG 16472 --- [http-nio-8080-exec-1] o.s.web.servlet.DispatcherServlet        : enableLoggingRequestDetails='false': request parameters and headers will be masked to prevent unsafe logging of potentially sensitive data
2021-05-28 15:04:11.256  INFO 16472 --- [http-nio-8080-exec-1] o.s.web.servlet.DispatcherServlet        : Completed initialization in 3 ms
2021-05-28 15:04:11.268 DEBUG 16472 --- [http-nio-8080-exec-1] o.s.web.servlet.DispatcherServlet        : GET "/share", parameters={}
2021-05-28 15:04:11.277 DEBUG 16472 --- [http-nio-8080-exec-1] o.s.w.s.handler.SimpleUrlHandlerMapping  : Mapped to ResourceHttpRequestHandler [Classpath [META-INF/resources/], Classpath [resources/], Classpath [static/], Classpath [public/], ServletContext [/]]
2021-05-28 15:04:11.283 DEBUG 16472 --- [http-nio-8080-exec-1] o.s.w.s.r.ResourceHttpRequestHandler     : Resource not found
2021-05-28 15:04:11.284 DEBUG 16472 --- [http-nio-8080-exec-1] o.s.web.servlet.DispatcherServlet        : Completed 404 NOT_FOUND
2021-05-28 15:04:11.290 DEBUG 16472 --- [http-nio-8080-exec-1] o.s.web.servlet.DispatcherServlet        : "ERROR" dispatch for GET "/error", parameters={}
2021-05-28 15:04:11.292 DEBUG 16472 --- [http-nio-8080-exec-1] s.w.s.m.m.a.RequestMappingHandlerMapping : Mapped to org.springframework.boot.autoconfigure.web.servlet.error.BasicErrorController#errorHtml(HttpServletRequest, HttpServletResponse)
2021-05-28 15:04:11.336 DEBUG 16472 --- [http-nio-8080-exec-1] o.s.w.s.v.ContentNegotiatingViewResolver : Selected 'text/html' given [text/html, text/html;q=0.8]
2021-05-28 15:04:11.341 DEBUG 16472 --- [http-nio-8080-exec-1] o.s.web.servlet.DispatcherServlet        : Exiting from "ERROR" dispatch, status 404
2021-05-28 15:04:15.000 DEBUG 16472 --- [http-nio-8080-exec-2] o.s.web.servlet.DispatcherServlet        : GET "/products", parameters={}
2021-05-28 15:04:15.001 DEBUG 16472 --- [http-nio-8080-exec-2] s.w.s.m.m.a.RequestMappingHandlerMapping : Mapped to com.cganna.springweb.controllers.ProductController#getAllProducts()
2021-05-28 15:04:15.242 DEBUG 16472 --- [http-nio-8080-exec-2] m.m.a.RequestResponseBodyMethodProcessor : Using 'application/json;q=0.8', given [text/html, application/xhtml+xml, image/avif, image/webp, image/apng, application/xml;q=0.9, application/signed-exchange;v=b3;q=0.9, */*;q=0.8] and supported [application/json, application/*+json, application/json, application/*+json]
2021-05-28 15:04:15.243 DEBUG 16472 --- [http-nio-8080-exec-2] m.m.a.RequestResponseBodyMethodProcessor : Writing [[com.cganna.springweb.entities.Product@59e1705c]]
2021-05-28 15:04:15.300 DEBUG 16472 --- [http-nio-8080-exec-2] o.s.web.servlet.DispatcherServlet        : Completed 200 OK
2021-05-28 15:04:15.510 DEBUG 16472 --- [http-nio-8080-exec-3] o.s.web.servlet.DispatcherServlet        : GET "/favicon.ico", parameters={}
2021-05-28 15:04:15.512 DEBUG 16472 --- [http-nio-8080-exec-3] o.s.w.s.handler.SimpleUrlHandlerMapping  : Mapped to ResourceHttpRequestHandler [Classpath [META-INF/resources/], Classpath [resources/], Classpath [static/], Classpath [public/], ServletContext [/]]
2021-05-28 15:04:15.515 DEBUG 16472 --- [http-nio-8080-exec-3] o.s.w.s.r.ResourceHttpRequestHandler     : Resource not found
2021-05-28 15:04:15.515 DEBUG 16472 --- [http-nio-8080-exec-3] o.s.web.servlet.DispatcherServlet        : Completed 404 NOT_FOUND
2021-05-28 15:04:15.517 DEBUG 16472 --- [http-nio-8080-exec-3] o.s.web.servlet.DispatcherServlet        : "ERROR" dispatch for GET "/error", parameters={}
2021-05-28 15:04:15.520 DEBUG 16472 --- [http-nio-8080-exec-3] s.w.s.m.m.a.RequestMappingHandlerMapping : Mapped to org.springframework.boot.autoconfigure.web.servlet.error.BasicErrorController#error(HttpServletRequest)
2021-05-28 15:04:15.529 DEBUG 16472 --- [http-nio-8080-exec-3] o.s.w.s.m.m.a.HttpEntityMethodProcessor  : Using 'application/json;q=0.8', given [image/avif, image/webp, image/apng, image/svg+xml, image/*, */*;q=0.8] and supported [application/json, application/*+json, application/json, application/*+json]
2021-05-28 15:04:15.530 DEBUG 16472 --- [http-nio-8080-exec-3] o.s.w.s.m.m.a.HttpEntityMethodProcessor  : Writing [{timestamp=Fri May 28 15:04:15 IST 2021, status=404, error=Not Found, path=/favicon.ico}]
2021-05-28 15:04:15.562 DEBUG 16472 --- [http-nio-8080-exec-3] o.s.web.servlet.DispatcherServlet        : Exiting from "ERROR" dispatch, status 404
2021-05-28 15:06:03.923 DEBUG 14572 --- [main] s.w.s.m.m.a.RequestMappingHandlerAdapter : ControllerAdvice beans: 0 @ModelAttribute, 0 @InitBinder, 1 RequestBodyAdvice, 1 ResponseBodyAdvice
2021-05-28 15:06:04.028 DEBUG 14572 --- [main] s.w.s.m.m.a.RequestMappingHandlerMapping : 7 mappings in 'requestMappingHandlerMapping'
2021-05-28 15:06:04.078 DEBUG 14572 --- [main] o.s.w.s.handler.SimpleUrlHandlerMapping  : Patterns [/webjars/**, /**] in 'resourceHandlerMapping'
2021-05-28 15:06:04.098 DEBUG 14572 --- [main] .m.m.a.ExceptionHandlerExceptionResolver : ControllerAdvice beans: 0 @ExceptionHandler, 1 ResponseBodyAdvice
2021-05-28 15:06:09.311  INFO 14572 --- [http-nio-8080-exec-1] o.s.web.servlet.DispatcherServlet        : Initializing Servlet 'dispatcherServlet'
2021-05-28 15:06:09.312 DEBUG 14572 --- [http-nio-8080-exec-1] o.s.web.servlet.DispatcherServlet        : Detected StandardServletMultipartResolver
2021-05-28 15:06:09.313 DEBUG 14572 --- [http-nio-8080-exec-1] o.s.web.servlet.DispatcherServlet        : Detected AcceptHeaderLocaleResolver
2021-05-28 15:06:09.313 DEBUG 14572 --- [http-nio-8080-exec-1] o.s.web.servlet.DispatcherServlet        : Detected FixedThemeResolver
2021-05-28 15:06:09.316 DEBUG 14572 --- [http-nio-8080-exec-1] o.s.web.servlet.DispatcherServlet        : Detected org.springframework.web.servlet.view.DefaultRequestToViewNameTranslator@4e4af370
2021-05-28 15:06:09.316 DEBUG 14572 --- [http-nio-8080-exec-1] o.s.web.servlet.DispatcherServlet        : Detected org.springframework.web.servlet.support.SessionFlashMapManager@383e6734
2021-05-28 15:06:09.316 DEBUG 14572 --- [http-nio-8080-exec-1] o.s.web.servlet.DispatcherServlet        : enableLoggingRequestDetails='false': request parameters and headers will be masked to prevent unsafe logging of potentially sensitive data
2021-05-28 15:06:09.316  INFO 14572 --- [http-nio-8080-exec-1] o.s.web.servlet.DispatcherServlet        : Completed initialization in 4 ms
2021-05-28 15:06:09.329 DEBUG 14572 --- [http-nio-8080-exec-1] o.s.web.servlet.DispatcherServlet        : GET "/products/1", parameters={}
2021-05-28 15:06:09.337 DEBUG 14572 --- [http-nio-8080-exec-1] s.w.s.m.m.a.RequestMappingHandlerMapping : Mapped to com.cganna.springweb.controllers.ProductController#getProduct(int)
2021-05-28 15:06:09.408 DEBUG 14572 --- [http-nio-8080-exec-1] o.s.web.servlet.DispatcherServlet        : Failed to complete request: java.util.NoSuchElementException: No value present
2021-05-28 15:06:09.417 ERROR 14572 --- [http-nio-8080-exec-1] o.a.c.c.C.[.[.[/].[dispatcherServlet]    : Servlet.service() for servlet [dispatcherServlet] in context with path [] threw exception [Request processing failed; nested exception is java.util.NoSuchElementException: No value present] with root cause

java.util.NoSuchElementException: No value present
	at java.base/java.util.Optional.get(Optional.java:141) ~[na:na]
	at com.cganna.springweb.controllers.ProductController.getProduct(ProductController.java:39) ~[classes/:na]
	at java.base/jdk.internal.reflect.NativeMethodAccessorImpl.invoke0(Native Method) ~[na:na]
	at java.base/jdk.internal.reflect.NativeMethodAccessorImpl.invoke(NativeMethodAccessorImpl.java:64) ~[na:na]
	at java.base/jdk.internal.reflect.DelegatingMethodAccessorImpl.invoke(DelegatingMethodAccessorImpl.java:43) ~[na:na]
	at java.base/java.lang.reflect.Method.invoke(Method.java:564) ~[na:na]
	at org.springframework.web.method.support.InvocableHandlerMethod.doInvoke(InvocableHandlerMethod.java:197) ~[spring-web-5.3.7.jar:5.3.7]
	at org.springframework.web.method.support.InvocableHandlerMethod.invokeForRequest(InvocableHandlerMethod.java:141) ~[spring-web-5.3.7.jar:5.3.7]
	at org.springframework.web.servlet.mvc.method.annotation.ServletInvocableHandlerMethod.invokeAndHandle(ServletInvocableHandlerMethod.java:106) ~[spring-webmvc-5.3.7.jar:5.3.7]
	at org.springframework.web.servlet.mvc.method.annotation.RequestMappingHandlerAdapter.invokeHandlerMethod(RequestMappingHandlerAdapter.java:894) ~[spring-webmvc-5.3.7.jar:5.3.7]
	at org.springframework.web.servlet.mvc.method.annotation.RequestMappingHandlerAdapter.handleInternal(RequestMappingHandlerAdapter.java:808) ~[spring-webmvc-5.3.7.jar:5.3.7]
	at org.springframework.web.servlet.mvc.method.AbstractHandlerMethodAdapter.handle(AbstractHandlerMethodAdapter.java:87) ~[spring-webmvc-5.3.7.jar:5.3.7]
	at org.springframework.web.servlet.DispatcherServlet.doDispatch(DispatcherServlet.java:1063) ~[spring-webmvc-5.3.7.jar:5.3.7]
	at org.springframework.web.servlet.DispatcherServlet.doService(DispatcherServlet.java:963) ~[spring-webmvc-5.3.7.jar:5.3.7]
	at org.springframework.web.servlet.FrameworkServlet.processRequest(FrameworkServlet.java:1006) ~[spring-webmvc-5.3.7.jar:5.3.7]
	at org.springframework.web.servlet.FrameworkServlet.doGet(FrameworkServlet.java:898) ~[spring-webmvc-5.3.7.jar:5.3.7]
	at javax.servlet.http.HttpServlet.service(HttpServlet.java:626) ~[tomcat-embed-core-9.0.46.jar:4.0.FR]
	at org.springframework.web.servlet.FrameworkServlet.service(FrameworkServlet.java:883) ~[spring-webmvc-5.3.7.jar:5.3.7]
	at javax.servlet.http.HttpServlet.service(HttpServlet.java:733) ~[tomcat-embed-core-9.0.46.jar:4.0.FR]
	at org.apache.catalina.core.ApplicationFilterChain.internalDoFilter(ApplicationFilterChain.java:227) ~[tomcat-embed-core-9.0.46.jar:9.0.46]
	at org.apache.catalina.core.ApplicationFilterChain.doFilter(ApplicationFilterChain.java:162) ~[tomcat-embed-core-9.0.46.jar:9.0.46]
	at org.apache.tomcat.websocket.server.WsFilter.doFilter(WsFilter.java:53) ~[tomcat-embed-websocket-9.0.46.jar:9.0.46]
	at org.apache.catalina.core.ApplicationFilterChain.internalDoFilter(ApplicationFilterChain.java:189) ~[tomcat-embed-core-9.0.46.jar:9.0.46]
	at org.apache.catalina.core.ApplicationFilterChain.doFilter(ApplicationFilterChain.java:162) ~[tomcat-embed-core-9.0.46.jar:9.0.46]
	at org.springframework.web.filter.RequestContextFilter.doFilterInternal(RequestContextFilter.java:100) ~[spring-web-5.3.7.jar:5.3.7]
	at org.springframework.web.filter.OncePerRequestFilter.doFilter(OncePerRequestFilter.java:119) ~[spring-web-5.3.7.jar:5.3.7]
	at org.apache.catalina.core.ApplicationFilterChain.internalDoFilter(ApplicationFilterChain.java:189) ~[tomcat-embed-core-9.0.46.jar:9.0.46]
	at org.apache.catalina.core.ApplicationFilterChain.doFilter(ApplicationFilterChain.java:162) ~[tomcat-embed-core-9.0.46.jar:9.0.46]
	at org.springframework.web.filter.FormContentFilter.doFilterInternal(FormContentFilter.java:93) ~[spring-web-5.3.7.jar:5.3.7]
	at org.springframework.web.filter.OncePerRequestFilter.doFilter(OncePerRequestFilter.java:119) ~[spring-web-5.3.7.jar:5.3.7]
	at org.apache.catalina.core.ApplicationFilterChain.internalDoFilter(ApplicationFilterChain.java:189) ~[tomcat-embed-core-9.0.46.jar:9.0.46]
	at org.apache.catalina.core.ApplicationFilterChain.doFilter(ApplicationFilterChain.java:162) ~[tomcat-embed-core-9.0.46.jar:9.0.46]
	at org.springframework.web.filter.CharacterEncodingFilter.doFilterInternal(CharacterEncodingFilter.java:201) ~[spring-web-5.3.7.jar:5.3.7]
	at org.springframework.web.filter.OncePerRequestFilter.doFilter(OncePerRequestFilter.java:119) ~[spring-web-5.3.7.jar:5.3.7]
	at org.apache.catalina.core.ApplicationFilterChain.internalDoFilter(ApplicationFilterChain.java:189) ~[tomcat-embed-core-9.0.46.jar:9.0.46]
	at org.apache.catalina.core.ApplicationFilterChain.doFilter(ApplicationFilterChain.java:162) ~[tomcat-embed-core-9.0.46.jar:9.0.46]
	at org.apache.catalina.core.StandardWrapperValve.invoke(StandardWrapperValve.java:202) ~[tomcat-embed-core-9.0.46.jar:9.0.46]
	at org.apache.catalina.core.StandardContextValve.invoke(StandardContextValve.java:97) ~[tomcat-embed-core-9.0.46.jar:9.0.46]
	at org.apache.catalina.authenticator.AuthenticatorBase.invoke(AuthenticatorBase.java:542) ~[tomcat-embed-core-9.0.46.jar:9.0.46]
	at org.apache.catalina.core.StandardHostValve.invoke(StandardHostValve.java:143) ~[tomcat-embed-core-9.0.46.jar:9.0.46]
	at org.apache.catalina.valves.ErrorReportValve.invoke(ErrorReportValve.java:92) ~[tomcat-embed-core-9.0.46.jar:9.0.46]
	at org.apache.catalina.core.StandardEngineValve.invoke(StandardEngineValve.java:78) ~[tomcat-embed-core-9.0.46.jar:9.0.46]
	at org.apache.catalina.connector.CoyoteAdapter.service(CoyoteAdapter.java:357) ~[tomcat-embed-core-9.0.46.jar:9.0.46]
	at org.apache.coyote.http11.Http11Processor.service(Http11Processor.java:374) ~[tomcat-embed-core-9.0.46.jar:9.0.46]
	at org.apache.coyote.AbstractProcessorLight.process(AbstractProcessorLight.java:65) ~[tomcat-embed-core-9.0.46.jar:9.0.46]
	at org.apache.coyote.AbstractProtocol$ConnectionHandler.process(AbstractProtocol.java:893) ~[tomcat-embed-core-9.0.46.jar:9.0.46]
	at org.apache.tomcat.util.net.NioEndpoint$SocketProcessor.doRun(NioEndpoint.java:1707) ~[tomcat-embed-core-9.0.46.jar:9.0.46]
	at org.apache.tomcat.util.net.SocketProcessorBase.run(SocketProcessorBase.java:49) ~[tomcat-embed-core-9.0.46.jar:9.0.46]
	at java.base/java.util.concurrent.ThreadPoolExecutor.runWorker(ThreadPoolExecutor.java:1130) ~[na:na]
	at java.base/java.util.concurrent.ThreadPoolExecutor$Worker.run(ThreadPoolExecutor.java:630) ~[na:na]
	at org.apache.tomcat.util.threads.TaskThread$WrappingRunnable.run(TaskThread.java:61) ~[tomcat-embed-core-9.0.46.jar:9.0.46]
	at java.base/java.lang.Thread.run(Thread.java:832) ~[na:na]

2021-05-28 15:06:09.425 DEBUG 14572 --- [http-nio-8080-exec-1] o.s.web.servlet.DispatcherServlet        : "ERROR" dispatch for GET "/error", parameters={}
2021-05-28 15:06:09.428 DEBUG 14572 --- [http-nio-8080-exec-1] s.w.s.m.m.a.RequestMappingHandlerMapping : Mapped to org.springframework.boot.autoconfigure.web.servlet.error.BasicErrorController#errorHtml(HttpServletRequest, HttpServletResponse)
2021-05-28 15:06:09.473 DEBUG 14572 --- [http-nio-8080-exec-1] o.s.w.s.v.ContentNegotiatingViewResolver : Selected 'text/html' given [text/html, text/html;q=0.8]
2021-05-28 15:06:09.479 DEBUG 14572 --- [http-nio-8080-exec-1] o.s.web.servlet.DispatcherServlet        : Exiting from "ERROR" dispatch, status 500
2021-05-28 15:06:14.304 DEBUG 14572 --- [http-nio-8080-exec-2] o.s.web.servlet.DispatcherServlet        : GET "/products/0", parameters={}
2021-05-28 15:06:14.305 DEBUG 14572 --- [http-nio-8080-exec-2] s.w.s.m.m.a.RequestMappingHandlerMapping : Mapped to com.cganna.springweb.controllers.ProductController#getProduct(int)
2021-05-28 15:06:14.404 DEBUG 14572 --- [http-nio-8080-exec-2] m.m.a.RequestResponseBodyMethodProcessor : Using 'application/json;q=0.8', given [text/html, application/xhtml+xml, image/avif, image/webp, image/apng, application/xml;q=0.9, application/signed-exchange;v=b3;q=0.9, */*;q=0.8] and supported [application/json, application/*+json, application/json, application/*+json]
2021-05-28 15:06:14.408 DEBUG 14572 --- [http-nio-8080-exec-2] m.m.a.RequestResponseBodyMethodProcessor : Writing [com.cganna.springweb.entities.Product@a1b9abe]
2021-05-28 15:06:14.435 DEBUG 14572 --- [http-nio-8080-exec-2] o.s.web.servlet.DispatcherServlet        : Completed 200 OK
2021-05-28 15:06:23.159 DEBUG 14572 --- [http-nio-8080-exec-3] o.s.web.servlet.DispatcherServlet        : GET "/products/", parameters={}
2021-05-28 15:06:23.159 DEBUG 14572 --- [http-nio-8080-exec-3] s.w.s.m.m.a.RequestMappingHandlerMapping : Mapped to com.cganna.springweb.controllers.ProductController#getAllProducts()
2021-05-28 15:06:23.384 DEBUG 14572 --- [http-nio-8080-exec-3] m.m.a.RequestResponseBodyMethodProcessor : Using 'application/json;q=0.8', given [text/html, application/xhtml+xml, image/avif, image/webp, image/apng, application/xml;q=0.9, application/signed-exchange;v=b3;q=0.9, */*;q=0.8] and supported [application/json, application/*+json, application/json, application/*+json]
2021-05-28 15:06:23.385 DEBUG 14572 --- [http-nio-8080-exec-3] m.m.a.RequestResponseBodyMethodProcessor : Writing [[com.cganna.springweb.entities.Product@75973c38]]
2021-05-28 15:06:23.389 DEBUG 14572 --- [http-nio-8080-exec-3] o.s.web.servlet.DispatcherServlet        : Completed 200 OK
2021-05-28 15:07:22.860 DEBUG 17184 --- [main] s.w.s.m.m.a.RequestMappingHandlerAdapter : ControllerAdvice beans: 0 @ModelAttribute, 0 @InitBinder, 1 RequestBodyAdvice, 1 ResponseBodyAdvice
2021-05-28 15:07:22.971 DEBUG 17184 --- [main] s.w.s.m.m.a.RequestMappingHandlerMapping : 7 mappings in 'requestMappingHandlerMapping'
2021-05-28 15:07:23.013 DEBUG 17184 --- [main] o.s.w.s.handler.SimpleUrlHandlerMapping  : Patterns [/webjars/**, /**] in 'resourceHandlerMapping'
2021-05-28 15:07:23.025 DEBUG 17184 --- [main] .m.m.a.ExceptionHandlerExceptionResolver : ControllerAdvice beans: 0 @ExceptionHandler, 1 ResponseBodyAdvice
2021-05-28 15:16:50.640 DEBUG 6580 --- [main] s.w.s.m.m.a.RequestMappingHandlerAdapter : ControllerAdvice beans: 0 @ModelAttribute, 0 @InitBinder, 1 RequestBodyAdvice, 1 ResponseBodyAdvice
2021-05-28 15:16:50.730 DEBUG 6580 --- [main] s.w.s.m.m.a.RequestMappingHandlerMapping : 7 mappings in 'requestMappingHandlerMapping'
2021-05-28 15:16:50.774 DEBUG 6580 --- [main] o.s.w.s.handler.SimpleUrlHandlerMapping  : Patterns [/webjars/**, /**] in 'resourceHandlerMapping'
2021-05-28 15:16:50.784 DEBUG 6580 --- [main] .m.m.a.ExceptionHandlerExceptionResolver : ControllerAdvice beans: 0 @ExceptionHandler, 1 ResponseBodyAdvice
2021-05-28 15:21:57.357 DEBUG 7036 --- [main] o.s.w.c.s.GenericWebApplicationContext   : Refreshing org.springframework.web.context.support.GenericWebApplicationContext@1734f68
2021-05-28 15:22:02.965 DEBUG 7036 --- [main] s.w.s.m.m.a.RequestMappingHandlerAdapter : ControllerAdvice beans: 0 @ModelAttribute, 0 @InitBinder, 1 RequestBodyAdvice, 1 ResponseBodyAdvice
2021-05-28 15:22:03.116 DEBUG 7036 --- [main] s.w.s.m.m.a.RequestMappingHandlerMapping : 7 mappings in 'requestMappingHandlerMapping'
2021-05-28 15:22:03.246 DEBUG 7036 --- [main] o.s.w.s.handler.SimpleUrlHandlerMapping  : Patterns [/webjars/**, /**] in 'resourceHandlerMapping'
2021-05-28 15:22:03.274 DEBUG 7036 --- [main] .m.m.a.ExceptionHandlerExceptionResolver : ControllerAdvice beans: 0 @ExceptionHandler, 1 ResponseBodyAdvice
2021-05-28 15:22:03.987 DEBUG 7036 --- [main] o.s.web.client.RestTemplate              : HTTP GET http://localhost:8080/products/0
2021-05-28 15:22:04.071 DEBUG 7036 --- [main] o.s.web.client.RestTemplate              : Accept=[application/json, application/*+json]
2021-05-28 15:22:04.125  INFO 6580 --- [http-nio-8080-exec-2] o.s.web.servlet.DispatcherServlet        : Initializing Servlet 'dispatcherServlet'
2021-05-28 15:22:04.126 DEBUG 6580 --- [http-nio-8080-exec-2] o.s.web.servlet.DispatcherServlet        : Detected StandardServletMultipartResolver
2021-05-28 15:22:04.126 DEBUG 6580 --- [http-nio-8080-exec-2] o.s.web.servlet.DispatcherServlet        : Detected AcceptHeaderLocaleResolver
2021-05-28 15:22:04.126 DEBUG 6580 --- [http-nio-8080-exec-2] o.s.web.servlet.DispatcherServlet        : Detected FixedThemeResolver
2021-05-28 15:22:04.127 DEBUG 6580 --- [http-nio-8080-exec-2] o.s.web.servlet.DispatcherServlet        : Detected org.springframework.web.servlet.view.DefaultRequestToViewNameTranslator@470b5213
2021-05-28 15:22:04.128 DEBUG 6580 --- [http-nio-8080-exec-2] o.s.web.servlet.DispatcherServlet        : Detected org.springframework.web.servlet.support.SessionFlashMapManager@328e50eb
2021-05-28 15:22:04.129 DEBUG 6580 --- [http-nio-8080-exec-2] o.s.web.servlet.DispatcherServlet        : enableLoggingRequestDetails='false': request parameters and headers will be masked to prevent unsafe logging of potentially sensitive data
2021-05-28 15:22:04.129  INFO 6580 --- [http-nio-8080-exec-2] o.s.web.servlet.DispatcherServlet        : Completed initialization in 4 ms
2021-05-28 15:22:04.140 DEBUG 6580 --- [http-nio-8080-exec-2] o.s.web.servlet.DispatcherServlet        : GET "/products/0", parameters={}
2021-05-28 15:22:04.151 DEBUG 6580 --- [http-nio-8080-exec-2] s.w.s.m.m.a.RequestMappingHandlerMapping : Mapped to com.cganna.springweb.controllers.ProductController#getProduct(int)
2021-05-28 15:22:04.296 DEBUG 6580 --- [http-nio-8080-exec-2] m.m.a.RequestResponseBodyMethodProcessor : Using 'application/json', given [application/json, application/*+json] and supported [application/json, application/*+json, application/json, application/*+json]
2021-05-28 15:22:04.298 DEBUG 6580 --- [http-nio-8080-exec-2] m.m.a.RequestResponseBodyMethodProcessor : Writing [com.cganna.springweb.entities.Product@5118a410]
2021-05-28 15:22:04.335 DEBUG 7036 --- [main] o.s.web.client.RestTemplate              : Response 200 OK
2021-05-28 15:22:04.338 DEBUG 7036 --- [main] o.s.web.client.RestTemplate              : Reading to [com.cganna.springweb.entities.Product]
2021-05-28 15:22:04.357 DEBUG 6580 --- [http-nio-8080-exec-2] o.s.web.servlet.DispatcherServlet        : Completed 200 OK
2021-05-28 15:59:53.672 DEBUG 14396 --- [main] o.s.w.c.s.GenericWebApplicationContext   : Refreshing org.springframework.web.context.support.GenericWebApplicationContext@d816dde
2021-05-28 15:59:58.629 DEBUG 14396 --- [main] s.w.s.m.m.a.RequestMappingHandlerAdapter : ControllerAdvice beans: 0 @ModelAttribute, 0 @InitBinder, 1 RequestBodyAdvice, 1 ResponseBodyAdvice
2021-05-28 15:59:58.800 DEBUG 14396 --- [main] s.w.s.m.m.a.RequestMappingHandlerMapping : 7 mappings in 'requestMappingHandlerMapping'
2021-05-28 15:59:58.971 DEBUG 14396 --- [main] o.s.w.s.handler.SimpleUrlHandlerMapping  : Patterns [/webjars/**, /**] in 'resourceHandlerMapping'
2021-05-28 15:59:58.993 DEBUG 14396 --- [main] .m.m.a.ExceptionHandlerExceptionResolver : ControllerAdvice beans: 0 @ExceptionHandler, 1 ResponseBodyAdvice
2021-05-28 15:59:59.645 DEBUG 14396 --- [main] o.s.web.client.RestTemplate              : HTTP POST http://localhost:8080/products
2021-05-28 15:59:59.720 DEBUG 14396 --- [main] o.s.web.client.RestTemplate              : Accept=[application/json, application/*+json]
2021-05-28 15:59:59.737 DEBUG 14396 --- [main] o.s.web.client.RestTemplate              : Writing [com.cganna.springweb.entities.Product@180fb796] with org.springframework.http.converter.json.MappingJackson2HttpMessageConverter
2021-05-28 15:59:59.769 DEBUG 6580 --- [http-nio-8080-exec-6] o.s.web.servlet.DispatcherServlet        : POST "/products", parameters={}
2021-05-28 15:59:59.771 DEBUG 6580 --- [http-nio-8080-exec-6] s.w.s.m.m.a.RequestMappingHandlerMapping : Mapped to com.cganna.springweb.controllers.ProductController#createProduct(Product)
2021-05-28 15:59:59.856 DEBUG 6580 --- [http-nio-8080-exec-6] m.m.a.RequestResponseBodyMethodProcessor : Read "application/json;charset=UTF-8" to [com.cganna.springweb.entities.Product@46f3a1f2]
2021-05-28 15:59:59.965 DEBUG 6580 --- [http-nio-8080-exec-6] m.m.a.RequestResponseBodyMethodProcessor : Using 'application/json', given [application/json, application/*+json] and supported [application/json, application/*+json, application/json, application/*+json]
2021-05-28 15:59:59.966 DEBUG 6580 --- [http-nio-8080-exec-6] m.m.a.RequestResponseBodyMethodProcessor : Writing [com.cganna.springweb.entities.Product@1bc87dc6]
2021-05-28 15:59:59.968 DEBUG 6580 --- [http-nio-8080-exec-6] o.s.web.servlet.DispatcherServlet        : Completed 200 OK
2021-05-28 15:59:59.972 DEBUG 14396 --- [main] o.s.web.client.RestTemplate              : Response 200 OK
2021-05-28 15:59:59.974 DEBUG 14396 --- [main] o.s.web.client.RestTemplate              : Reading to [com.cganna.springweb.entities.Product]
2021-05-28 16:00:00.052 DEBUG 14396 --- [main] o.s.web.client.RestTemplate              : HTTP GET http://localhost:8080/products/0
2021-05-28 16:00:00.054 DEBUG 14396 --- [main] o.s.web.client.RestTemplate              : Accept=[application/json, application/*+json]
2021-05-28 16:00:00.059 DEBUG 6580 --- [http-nio-8080-exec-8] o.s.web.servlet.DispatcherServlet        : GET "/products/0", parameters={}
2021-05-28 16:00:00.060 DEBUG 6580 --- [http-nio-8080-exec-8] s.w.s.m.m.a.RequestMappingHandlerMapping : Mapped to com.cganna.springweb.controllers.ProductController#getProduct(int)
2021-05-28 16:00:00.065 DEBUG 6580 --- [http-nio-8080-exec-8] m.m.a.RequestResponseBodyMethodProcessor : Using 'application/json', given [application/json, application/*+json] and supported [application/json, application/*+json, application/json, application/*+json]
2021-05-28 16:00:00.065 DEBUG 6580 --- [http-nio-8080-exec-8] m.m.a.RequestResponseBodyMethodProcessor : Writing [com.cganna.springweb.entities.Product@792341c7]
2021-05-28 16:00:00.067 DEBUG 14396 --- [main] o.s.web.client.RestTemplate              : Response 200 OK
2021-05-28 16:00:00.067 DEBUG 14396 --- [main] o.s.web.client.RestTemplate              : Reading to [com.cganna.springweb.entities.Product]
2021-05-28 16:00:00.067 DEBUG 6580 --- [http-nio-8080-exec-8] o.s.web.servlet.DispatcherServlet        : Completed 200 OK
2021-05-28 16:02:11.674 DEBUG 6580 --- [http-nio-8080-exec-7] o.s.web.servlet.DispatcherServlet        : GET "/products/", parameters={}
2021-05-28 16:02:11.676 DEBUG 6580 --- [http-nio-8080-exec-7] s.w.s.m.m.a.RequestMappingHandlerMapping : Mapped to com.cganna.springweb.controllers.ProductController#getAllProducts()
2021-05-28 16:02:11.936 DEBUG 6580 --- [http-nio-8080-exec-7] m.m.a.RequestResponseBodyMethodProcessor : Using 'application/json;q=0.8', given [text/html, application/xhtml+xml, image/avif, image/webp, image/apng, application/xml;q=0.9, application/signed-exchange;v=b3;q=0.9, */*;q=0.8] and supported [application/json, application/*+json, application/json, application/*+json]
2021-05-28 16:02:11.936 DEBUG 6580 --- [http-nio-8080-exec-7] m.m.a.RequestResponseBodyMethodProcessor : Writing [[com.cganna.springweb.entities.Product@672a0ceb, com.cganna.springweb.entities.Product@1562ec76]]
2021-05-28 16:02:11.940 DEBUG 6580 --- [http-nio-8080-exec-7] o.s.web.servlet.DispatcherServlet        : Completed 200 OK
2021-05-28 16:05:28.623 DEBUG 3984 --- [main] o.s.w.c.s.GenericWebApplicationContext   : Refreshing org.springframework.web.context.support.GenericWebApplicationContext@5bd73d1a
2021-05-28 16:05:34.243 DEBUG 3984 --- [main] s.w.s.m.m.a.RequestMappingHandlerAdapter : ControllerAdvice beans: 0 @ModelAttribute, 0 @InitBinder, 1 RequestBodyAdvice, 1 ResponseBodyAdvice
2021-05-28 16:05:34.373 DEBUG 3984 --- [main] s.w.s.m.m.a.RequestMappingHandlerMapping : 7 mappings in 'requestMappingHandlerMapping'
2021-05-28 16:05:34.479 DEBUG 3984 --- [main] o.s.w.s.handler.SimpleUrlHandlerMapping  : Patterns [/webjars/**, /**] in 'resourceHandlerMapping'
2021-05-28 16:05:34.501 DEBUG 3984 --- [main] .m.m.a.ExceptionHandlerExceptionResolver : ControllerAdvice beans: 0 @ExceptionHandler, 1 ResponseBodyAdvice
2021-05-28 16:05:35.236 DEBUG 3984 --- [main] o.s.web.client.RestTemplate              : HTTP POST http://localhost:8080/products
2021-05-28 16:05:35.315 DEBUG 3984 --- [main] o.s.web.client.RestTemplate              : Accept=[application/json, application/*+json]
2021-05-28 16:05:35.334 DEBUG 3984 --- [main] o.s.web.client.RestTemplate              : Writing [com.cganna.springweb.entities.Product@6fe337a5] with org.springframework.http.converter.json.MappingJackson2HttpMessageConverter
2021-05-28 16:05:35.361 DEBUG 6580 --- [http-nio-8080-exec-1] o.s.web.servlet.DispatcherServlet        : POST "/products", parameters={}
2021-05-28 16:05:35.362 DEBUG 6580 --- [http-nio-8080-exec-1] s.w.s.m.m.a.RequestMappingHandlerMapping : Mapped to com.cganna.springweb.controllers.ProductController#createProduct(Product)
2021-05-28 16:05:35.365 DEBUG 6580 --- [http-nio-8080-exec-1] m.m.a.RequestResponseBodyMethodProcessor : Read "application/json;charset=UTF-8" to [com.cganna.springweb.entities.Product@33ea780f]
2021-05-28 16:05:35.371 DEBUG 6580 --- [http-nio-8080-exec-1] m.m.a.RequestResponseBodyMethodProcessor : Using 'application/json', given [application/json, application/*+json] and supported [application/json, application/*+json, application/json, application/*+json]
2021-05-28 16:05:35.372 DEBUG 6580 --- [http-nio-8080-exec-1] m.m.a.RequestResponseBodyMethodProcessor : Writing [com.cganna.springweb.entities.Product@23c8db7f]
2021-05-28 16:05:35.373 DEBUG 6580 --- [http-nio-8080-exec-1] o.s.web.servlet.DispatcherServlet        : Completed 200 OK
2021-05-28 16:05:35.377 DEBUG 3984 --- [main] o.s.web.client.RestTemplate              : Response 200 OK
2021-05-28 16:05:35.380 DEBUG 3984 --- [main] o.s.web.client.RestTemplate              : Reading to [com.cganna.springweb.entities.Product]
2021-05-28 16:05:35.438 DEBUG 3984 --- [main] o.s.web.client.RestTemplate              : HTTP GET http://localhost:8080/products/0
2021-05-28 16:05:35.440 DEBUG 3984 --- [main] o.s.web.client.RestTemplate              : Accept=[application/json, application/*+json]
2021-05-28 16:05:35.442 DEBUG 6580 --- [http-nio-8080-exec-2] o.s.web.servlet.DispatcherServlet        : GET "/products/0", parameters={}
2021-05-28 16:05:35.443 DEBUG 6580 --- [http-nio-8080-exec-2] s.w.s.m.m.a.RequestMappingHandlerMapping : Mapped to com.cganna.springweb.controllers.ProductController#getProduct(int)
2021-05-28 16:05:35.448 DEBUG 6580 --- [http-nio-8080-exec-2] m.m.a.RequestResponseBodyMethodProcessor : Using 'application/json', given [application/json, application/*+json] and supported [application/json, application/*+json, application/json, application/*+json]
2021-05-28 16:05:35.448 DEBUG 6580 --- [http-nio-8080-exec-2] m.m.a.RequestResponseBodyMethodProcessor : Writing [com.cganna.springweb.entities.Product@3b8a1765]
2021-05-28 16:05:35.450 DEBUG 6580 --- [http-nio-8080-exec-2] o.s.web.servlet.DispatcherServlet        : Completed 200 OK
2021-05-28 16:05:35.450 DEBUG 3984 --- [main] o.s.web.client.RestTemplate              : Response 200 OK
2021-05-28 16:05:35.450 DEBUG 3984 --- [main] o.s.web.client.RestTemplate              : Reading to [com.cganna.springweb.entities.Product]
2021-05-28 16:05:35.460 DEBUG 3984 --- [main] o.s.web.client.RestTemplate              : HTTP GET http://localhost:8080/products/1
2021-05-28 16:05:35.462 DEBUG 3984 --- [main] o.s.web.client.RestTemplate              : Accept=[application/json, application/*+json]
2021-05-28 16:05:35.464 DEBUG 6580 --- [http-nio-8080-exec-3] o.s.web.servlet.DispatcherServlet        : GET "/products/1", parameters={}
2021-05-28 16:05:35.465 DEBUG 6580 --- [http-nio-8080-exec-3] s.w.s.m.m.a.RequestMappingHandlerMapping : Mapped to com.cganna.springweb.controllers.ProductController#getProduct(int)
2021-05-28 16:05:35.469 DEBUG 6580 --- [http-nio-8080-exec-3] m.m.a.RequestResponseBodyMethodProcessor : Using 'application/json', given [application/json, application/*+json] and supported [application/json, application/*+json, application/json, application/*+json]
2021-05-28 16:05:35.469 DEBUG 6580 --- [http-nio-8080-exec-3] m.m.a.RequestResponseBodyMethodProcessor : Writing [com.cganna.springweb.entities.Product@90e1c7]
2021-05-28 16:05:35.471 DEBUG 6580 --- [http-nio-8080-exec-3] o.s.web.servlet.DispatcherServlet        : Completed 200 OK
2021-05-28 16:05:35.471 DEBUG 3984 --- [main] o.s.web.client.RestTemplate              : Response 200 OK
2021-05-28 16:05:35.471 DEBUG 3984 --- [main] o.s.web.client.RestTemplate              : Reading to [com.cganna.springweb.entities.Product]
2021-05-28 16:05:35.472 DEBUG 3984 --- [main] o.s.web.client.RestTemplate              : HTTP PUT http://localhost:8080/products
2021-05-28 16:05:35.474 DEBUG 3984 --- [main] o.s.web.client.RestTemplate              : Writing [com.cganna.springweb.entities.Product@329efc61] with org.springframework.http.converter.json.MappingJackson2HttpMessageConverter
2021-05-28 16:05:35.476 DEBUG 6580 --- [http-nio-8080-exec-4] o.s.web.servlet.DispatcherServlet        : PUT "/products", parameters={}
2021-05-28 16:05:35.480  WARN 6580 --- [http-nio-8080-exec-4] .w.s.m.s.DefaultHandlerExceptionResolver : Resolved [org.springframework.web.HttpRequestMethodNotSupportedException: Request method 'PUT' not supported]
2021-05-28 16:05:35.481 DEBUG 6580 --- [http-nio-8080-exec-4] o.s.web.servlet.DispatcherServlet        : Completed 405 METHOD_NOT_ALLOWED
2021-05-28 16:05:35.486 DEBUG 6580 --- [http-nio-8080-exec-4] o.s.web.servlet.DispatcherServlet        : "ERROR" dispatch for PUT "/error", parameters={}
2021-05-28 16:05:35.490 DEBUG 6580 --- [http-nio-8080-exec-4] s.w.s.m.m.a.RequestMappingHandlerMapping : Mapped to org.springframework.boot.autoconfigure.web.servlet.error.BasicErrorController#error(HttpServletRequest)
2021-05-28 16:05:35.499 DEBUG 6580 --- [http-nio-8080-exec-4] o.s.w.s.m.m.a.HttpEntityMethodProcessor  : Using 'application/json', given [*/*] and supported [application/json, application/*+json, application/json, application/*+json]
2021-05-28 16:05:35.501 DEBUG 6580 --- [http-nio-8080-exec-4] o.s.w.s.m.m.a.HttpEntityMethodProcessor  : Writing [{timestamp=Fri May 28 16:05:35 IST 2021, status=405, error=Method Not Allowed, path=/products}]
2021-05-28 16:05:35.517 DEBUG 3984 --- [main] o.s.web.client.RestTemplate              : Response 405 METHOD_NOT_ALLOWED
2021-05-28 16:05:35.520 DEBUG 6580 --- [http-nio-8080-exec-4] o.s.web.servlet.DispatcherServlet        : Exiting from "ERROR" dispatch, status 405
2021-05-28 16:05:35.547 DEBUG 3984 --- [SpringContextShutdownHook] o.s.w.c.s.GenericWebApplicationContext   : Closing org.springframework.web.context.support.GenericWebApplicationContext@5bd73d1a, started on Fri May 28 16:05:28 IST 2021
2021-05-28 16:06:28.851 DEBUG 10260 --- [main] o.s.w.c.s.GenericWebApplicationContext   : Refreshing org.springframework.web.context.support.GenericWebApplicationContext@5ed190be
2021-05-28 16:06:33.826 DEBUG 10260 --- [main] s.w.s.m.m.a.RequestMappingHandlerAdapter : ControllerAdvice beans: 0 @ModelAttribute, 0 @InitBinder, 1 RequestBodyAdvice, 1 ResponseBodyAdvice
2021-05-28 16:06:33.956 DEBUG 10260 --- [main] s.w.s.m.m.a.RequestMappingHandlerMapping : 7 mappings in 'requestMappingHandlerMapping'
2021-05-28 16:06:34.063 DEBUG 10260 --- [main] o.s.w.s.handler.SimpleUrlHandlerMapping  : Patterns [/webjars/**, /**] in 'resourceHandlerMapping'
2021-05-28 16:06:34.086 DEBUG 10260 --- [main] .m.m.a.ExceptionHandlerExceptionResolver : ControllerAdvice beans: 0 @ExceptionHandler, 1 ResponseBodyAdvice
2021-05-28 16:06:34.729 DEBUG 10260 --- [main] o.s.web.client.RestTemplate              : HTTP POST http://localhost:8080/products
2021-05-28 16:06:34.802 DEBUG 10260 --- [main] o.s.web.client.RestTemplate              : Accept=[application/json, application/*+json]
2021-05-28 16:06:34.820 DEBUG 10260 --- [main] o.s.web.client.RestTemplate              : Writing [com.cganna.springweb.entities.Product@573f2e67] with org.springframework.http.converter.json.MappingJackson2HttpMessageConverter
2021-05-28 16:06:34.843 DEBUG 6580 --- [http-nio-8080-exec-6] o.s.web.servlet.DispatcherServlet        : POST "/products", parameters={}
2021-05-28 16:06:34.844 DEBUG 6580 --- [http-nio-8080-exec-6] s.w.s.m.m.a.RequestMappingHandlerMapping : Mapped to com.cganna.springweb.controllers.ProductController#createProduct(Product)
2021-05-28 16:06:34.846 DEBUG 6580 --- [http-nio-8080-exec-6] m.m.a.RequestResponseBodyMethodProcessor : Read "application/json;charset=UTF-8" to [com.cganna.springweb.entities.Product@2687d566]
2021-05-28 16:06:34.851 DEBUG 6580 --- [http-nio-8080-exec-6] m.m.a.RequestResponseBodyMethodProcessor : Using 'application/json', given [application/json, application/*+json] and supported [application/json, application/*+json, application/json, application/*+json]
2021-05-28 16:06:34.851 DEBUG 6580 --- [http-nio-8080-exec-6] m.m.a.RequestResponseBodyMethodProcessor : Writing [com.cganna.springweb.entities.Product@556b8dd1]
2021-05-28 16:06:34.853 DEBUG 6580 --- [http-nio-8080-exec-6] o.s.web.servlet.DispatcherServlet        : Completed 200 OK
2021-05-28 16:06:34.856 DEBUG 10260 --- [main] o.s.web.client.RestTemplate              : Response 200 OK
2021-05-28 16:06:34.858 DEBUG 10260 --- [main] o.s.web.client.RestTemplate              : Reading to [com.cganna.springweb.entities.Product]
2021-05-28 16:06:34.903 DEBUG 10260 --- [main] o.s.web.client.RestTemplate              : HTTP GET http://localhost:8080/products/0
2021-05-28 16:06:34.905 DEBUG 10260 --- [main] o.s.web.client.RestTemplate              : Accept=[application/json, application/*+json]
2021-05-28 16:06:34.907 DEBUG 6580 --- [http-nio-8080-exec-8] o.s.web.servlet.DispatcherServlet        : GET "/products/0", parameters={}
2021-05-28 16:06:34.908 DEBUG 6580 --- [http-nio-8080-exec-8] s.w.s.m.m.a.RequestMappingHandlerMapping : Mapped to com.cganna.springweb.controllers.ProductController#getProduct(int)
2021-05-28 16:06:34.912 DEBUG 6580 --- [http-nio-8080-exec-8] m.m.a.RequestResponseBodyMethodProcessor : Using 'application/json', given [application/json, application/*+json] and supported [application/json, application/*+json, application/json, application/*+json]
2021-05-28 16:06:34.912 DEBUG 6580 --- [http-nio-8080-exec-8] m.m.a.RequestResponseBodyMethodProcessor : Writing [com.cganna.springweb.entities.Product@dd72a60]
2021-05-28 16:06:34.914 DEBUG 6580 --- [http-nio-8080-exec-8] o.s.web.servlet.DispatcherServlet        : Completed 200 OK
2021-05-28 16:06:34.914 DEBUG 10260 --- [main] o.s.web.client.RestTemplate              : Response 200 OK
2021-05-28 16:06:34.915 DEBUG 10260 --- [main] o.s.web.client.RestTemplate              : Reading to [com.cganna.springweb.entities.Product]
2021-05-28 16:06:34.926 DEBUG 10260 --- [main] o.s.web.client.RestTemplate              : HTTP GET http://localhost:8080/products/1
2021-05-28 16:06:34.928 DEBUG 10260 --- [main] o.s.web.client.RestTemplate              : Accept=[application/json, application/*+json]
2021-05-28 16:06:34.930 DEBUG 6580 --- [http-nio-8080-exec-7] o.s.web.servlet.DispatcherServlet        : GET "/products/1", parameters={}
2021-05-28 16:06:34.931 DEBUG 6580 --- [http-nio-8080-exec-7] s.w.s.m.m.a.RequestMappingHandlerMapping : Mapped to com.cganna.springweb.controllers.ProductController#getProduct(int)
2021-05-28 16:06:34.934 DEBUG 6580 --- [http-nio-8080-exec-7] m.m.a.RequestResponseBodyMethodProcessor : Using 'application/json', given [application/json, application/*+json] and supported [application/json, application/*+json, application/json, application/*+json]
2021-05-28 16:06:34.935 DEBUG 6580 --- [http-nio-8080-exec-7] m.m.a.RequestResponseBodyMethodProcessor : Writing [com.cganna.springweb.entities.Product@61d75a36]
2021-05-28 16:06:34.936 DEBUG 10260 --- [main] o.s.web.client.RestTemplate              : Response 200 OK
2021-05-28 16:06:34.937 DEBUG 10260 --- [main] o.s.web.client.RestTemplate              : Reading to [com.cganna.springweb.entities.Product]
2021-05-28 16:06:34.937 DEBUG 6580 --- [http-nio-8080-exec-7] o.s.web.servlet.DispatcherServlet        : Completed 200 OK
2021-05-28 16:06:34.938 DEBUG 10260 --- [main] o.s.web.client.RestTemplate              : HTTP PUT http://localhost:8080/products/1
2021-05-28 16:06:34.939 DEBUG 10260 --- [main] o.s.web.client.RestTemplate              : Writing [com.cganna.springweb.entities.Product@4930213b] with org.springframework.http.converter.json.MappingJackson2HttpMessageConverter
2021-05-28 16:06:34.943 DEBUG 6580 --- [http-nio-8080-exec-9] o.s.web.servlet.DispatcherServlet        : PUT "/products/1", parameters={}
2021-05-28 16:06:34.943 DEBUG 6580 --- [http-nio-8080-exec-9] s.w.s.m.m.a.RequestMappingHandlerMapping : Mapped to com.cganna.springweb.controllers.ProductController#updateProduct(Product, int)
2021-05-28 16:06:34.947 DEBUG 6580 --- [http-nio-8080-exec-9] m.m.a.RequestResponseBodyMethodProcessor : Read "application/json;charset=UTF-8" to [com.cganna.springweb.entities.Product@3b1b4625]
2021-05-28 16:06:34.960 DEBUG 6580 --- [http-nio-8080-exec-9] m.m.a.RequestResponseBodyMethodProcessor : Using 'application/json', given [*/*] and supported [application/json, application/*+json, application/json, application/*+json]
2021-05-28 16:06:34.960 DEBUG 6580 --- [http-nio-8080-exec-9] m.m.a.RequestResponseBodyMethodProcessor : Writing [com.cganna.springweb.entities.Product@1e36306d]
2021-05-28 16:06:34.961 DEBUG 6580 --- [http-nio-8080-exec-9] o.s.web.servlet.DispatcherServlet        : Completed 200 OK
2021-05-28 16:06:34.963 DEBUG 10260 --- [main] o.s.web.client.RestTemplate              : Response 200 OK
2021-05-28 16:06:34.974 DEBUG 10260 --- [SpringContextShutdownHook] o.s.w.c.s.GenericWebApplicationContext   : Closing org.springframework.web.context.support.GenericWebApplicationContext@5ed190be, started on Fri May 28 16:06:28 IST 2021
2021-05-28 16:06:40.248 DEBUG 6580 --- [http-nio-8080-exec-1] o.s.web.servlet.DispatcherServlet        : GET "/products/", parameters={}
2021-05-28 16:06:40.249 DEBUG 6580 --- [http-nio-8080-exec-1] s.w.s.m.m.a.RequestMappingHandlerMapping : Mapped to com.cganna.springweb.controllers.ProductController#getAllProducts()
2021-05-28 16:06:40.255 DEBUG 6580 --- [http-nio-8080-exec-1] m.m.a.RequestResponseBodyMethodProcessor : Using 'application/json;q=0.8', given [text/html, application/xhtml+xml, image/avif, image/webp, image/apng, application/xml;q=0.9, application/signed-exchange;v=b3;q=0.9, */*;q=0.8] and supported [application/json, application/*+json, application/json, application/*+json]
2021-05-28 16:06:40.255 DEBUG 6580 --- [http-nio-8080-exec-1] m.m.a.RequestResponseBodyMethodProcessor : Writing [[com.cganna.springweb.entities.Product@4af4261d, com.cganna.springweb.entities.Product@505b49ab]]
2021-05-28 16:06:40.256 DEBUG 6580 --- [http-nio-8080-exec-1] o.s.web.servlet.DispatcherServlet        : Completed 200 OK
2021-05-28 16:14:13.408 DEBUG 4768 --- [main] s.w.s.m.m.a.RequestMappingHandlerAdapter : ControllerAdvice beans: 0 @ModelAttribute, 0 @InitBinder, 1 RequestBodyAdvice, 1 ResponseBodyAdvice
2021-05-28 16:14:13.506 DEBUG 4768 --- [main] s.w.s.m.m.a.RequestMappingHandlerMapping : 7 mappings in 'requestMappingHandlerMapping'
2021-05-28 16:14:13.544 DEBUG 4768 --- [main] o.s.w.s.handler.SimpleUrlHandlerMapping  : Patterns [/webjars/**, /**] in 'resourceHandlerMapping'
2021-05-28 16:14:13.558 DEBUG 4768 --- [main] .m.m.a.ExceptionHandlerExceptionResolver : ControllerAdvice beans: 0 @ExceptionHandler, 1 ResponseBodyAdvice
2021-05-28 16:14:16.118  INFO 4768 --- [RMI TCP Connection(3)-127.0.0.1] o.s.web.servlet.DispatcherServlet        : Initializing Servlet 'dispatcherServlet'
2021-05-28 16:14:16.119 DEBUG 4768 --- [RMI TCP Connection(3)-127.0.0.1] o.s.web.servlet.DispatcherServlet        : Detected StandardServletMultipartResolver
2021-05-28 16:14:16.119 DEBUG 4768 --- [RMI TCP Connection(3)-127.0.0.1] o.s.web.servlet.DispatcherServlet        : Detected AcceptHeaderLocaleResolver
2021-05-28 16:14:16.119 DEBUG 4768 --- [RMI TCP Connection(3)-127.0.0.1] o.s.web.servlet.DispatcherServlet        : Detected FixedThemeResolver
2021-05-28 16:14:16.120 DEBUG 4768 --- [RMI TCP Connection(3)-127.0.0.1] o.s.web.servlet.DispatcherServlet        : Detected org.springframework.web.servlet.view.DefaultRequestToViewNameTranslator@2e1e7bc6
2021-05-28 16:14:16.121 DEBUG 4768 --- [RMI TCP Connection(3)-127.0.0.1] o.s.web.servlet.DispatcherServlet        : Detected org.springframework.web.servlet.support.SessionFlashMapManager@480994d3
2021-05-28 16:14:16.121 DEBUG 4768 --- [RMI TCP Connection(3)-127.0.0.1] o.s.web.servlet.DispatcherServlet        : enableLoggingRequestDetails='false': request parameters and headers will be masked to prevent unsafe logging of potentially sensitive data
2021-05-28 16:14:16.121  INFO 4768 --- [RMI TCP Connection(3)-127.0.0.1] o.s.web.servlet.DispatcherServlet        : Completed initialization in 2 ms
2021-05-28 16:14:27.054 DEBUG 4768 --- [http-nio-8080-exec-1] o.s.web.servlet.DispatcherServlet        : GET "/products/", parameters={}
2021-05-28 16:14:27.063 DEBUG 4768 --- [http-nio-8080-exec-1] s.w.s.m.m.a.RequestMappingHandlerMapping : Mapped to com.cganna.springweb.controllers.ProductController#getAllProducts()
2021-05-28 16:14:27.289 DEBUG 4768 --- [http-nio-8080-exec-1] m.m.a.RequestResponseBodyMethodProcessor : Using 'application/json;q=0.8', given [text/html, application/xhtml+xml, image/avif, image/webp, image/apng, application/xml;q=0.9, application/signed-exchange;v=b3;q=0.9, */*;q=0.8] and supported [application/json, application/*+json, application/json, application/*+json]
2021-05-28 16:14:27.289 DEBUG 4768 --- [http-nio-8080-exec-1] m.m.a.RequestResponseBodyMethodProcessor : Writing [[com.cganna.springweb.entities.Product@48f356e7, com.cganna.springweb.entities.Product@58c2a742]]
2021-05-28 16:14:27.309 DEBUG 4768 --- [http-nio-8080-exec-1] o.s.web.servlet.DispatcherServlet        : Completed 200 OK
2021-05-28 16:14:31.096 DEBUG 4768 --- [http-nio-8080-exec-2] o.s.web.servlet.DispatcherServlet        : GET "/alfresco", parameters={}
2021-05-28 16:14:31.100 DEBUG 4768 --- [http-nio-8080-exec-2] o.s.w.s.handler.SimpleUrlHandlerMapping  : Mapped to ResourceHttpRequestHandler [Classpath [META-INF/resources/], Classpath [resources/], Classpath [static/], Classpath [public/], ServletContext [/]]
2021-05-28 16:14:31.104 DEBUG 4768 --- [http-nio-8080-exec-2] o.s.w.s.r.ResourceHttpRequestHandler     : Resource not found
2021-05-28 16:14:31.105 DEBUG 4768 --- [http-nio-8080-exec-2] o.s.web.servlet.DispatcherServlet        : Completed 404 NOT_FOUND
2021-05-28 16:14:31.110 DEBUG 4768 --- [http-nio-8080-exec-2] o.s.web.servlet.DispatcherServlet        : "ERROR" dispatch for GET "/error", parameters={}
2021-05-28 16:14:31.112 DEBUG 4768 --- [http-nio-8080-exec-2] s.w.s.m.m.a.RequestMappingHandlerMapping : Mapped to org.springframework.boot.autoconfigure.web.servlet.error.BasicErrorController#errorHtml(HttpServletRequest, HttpServletResponse)
2021-05-28 16:14:31.154 DEBUG 4768 --- [http-nio-8080-exec-2] o.s.w.s.v.ContentNegotiatingViewResolver : Selected 'text/html' given [text/html, text/html;q=0.8]
2021-05-28 16:14:31.160 DEBUG 4768 --- [http-nio-8080-exec-2] o.s.web.servlet.DispatcherServlet        : Exiting from "ERROR" dispatch, status 404
2021-05-28 16:14:33.552 DEBUG 4768 --- [http-nio-8080-exec-3] o.s.web.servlet.DispatcherServlet        : GET "/actuator", parameters={}
2021-05-28 16:14:33.557 DEBUG 4768 --- [http-nio-8080-exec-3] m.m.a.RequestResponseBodyMethodProcessor : Using 'application/vnd.spring-boot.actuator.v3+json;q=0.8', given [text/html, application/xhtml+xml, image/avif, image/webp, image/apng, application/xml;q=0.9, application/signed-exchange;v=b3;q=0.9, */*;q=0.8] and supported [application/vnd.spring-boot.actuator.v3+json, application/vnd.spring-boot.actuator.v2+json, application/json]
2021-05-28 16:14:33.561 DEBUG 4768 --- [http-nio-8080-exec-3] m.m.a.RequestResponseBodyMethodProcessor : Writing [{_links={self=[Link@774fe058 href = 'http://localhost:8080/actuator'], health=[Link@b695fa8 href = ' (truncated)...]
2021-05-28 16:14:33.564 DEBUG 4768 --- [http-nio-8080-exec-3] o.s.web.servlet.DispatcherServlet        : Completed 200 OK
2021-05-28 16:14:41.969 DEBUG 4768 --- [http-nio-8080-exec-4] o.s.web.servlet.DispatcherServlet        : GET "/actuator/health", parameters={}
2021-05-28 16:14:41.991 DEBUG 4768 --- [http-nio-8080-exec-4] o.s.w.s.m.m.a.HttpEntityMethodProcessor  : Using 'application/vnd.spring-boot.actuator.v3+json;q=0.8', given [text/html, application/xhtml+xml, image/avif, image/webp, image/apng, application/xml;q=0.9, application/signed-exchange;v=b3;q=0.9, */*;q=0.8] and supported [application/vnd.spring-boot.actuator.v3+json, application/vnd.spring-boot.actuator.v2+json, application/json]
2021-05-28 16:14:42.000 DEBUG 4768 --- [http-nio-8080-exec-4] o.s.w.s.m.m.a.HttpEntityMethodProcessor  : Writing [org.springframework.boot.actuate.health.SystemHealth@7621c3d3]
2021-05-28 16:14:42.002 DEBUG 4768 --- [http-nio-8080-exec-4] o.s.web.servlet.DispatcherServlet        : Completed 200 OK
2021-05-28 16:15:08.626 DEBUG 4768 --- [http-nio-8080-exec-5] o.s.web.servlet.DispatcherServlet        : GET "/actuator/info", parameters={}
2021-05-28 16:15:08.628 DEBUG 4768 --- [http-nio-8080-exec-5] o.s.w.s.handler.SimpleUrlHandlerMapping  : Mapped to ResourceHttpRequestHandler [Classpath [META-INF/resources/], Classpath [resources/], Classpath [static/], Classpath [public/], ServletContext [/]]
2021-05-28 16:15:08.630 DEBUG 4768 --- [http-nio-8080-exec-5] o.s.w.s.r.ResourceHttpRequestHandler     : Resource not found
2021-05-28 16:15:08.630 DEBUG 4768 --- [http-nio-8080-exec-5] o.s.web.servlet.DispatcherServlet        : Completed 404 NOT_FOUND
2021-05-28 16:15:08.630 DEBUG 4768 --- [http-nio-8080-exec-5] o.s.web.servlet.DispatcherServlet        : "ERROR" dispatch for GET "/error", parameters={}
2021-05-28 16:15:08.633 DEBUG 4768 --- [http-nio-8080-exec-5] s.w.s.m.m.a.RequestMappingHandlerMapping : Mapped to org.springframework.boot.autoconfigure.web.servlet.error.BasicErrorController#errorHtml(HttpServletRequest, HttpServletResponse)
2021-05-28 16:15:08.635 DEBUG 4768 --- [http-nio-8080-exec-5] o.s.w.s.v.ContentNegotiatingViewResolver : Selected 'text/html' given [text/html, text/html;q=0.8]
2021-05-28 16:15:08.635 DEBUG 4768 --- [http-nio-8080-exec-5] o.s.web.servlet.DispatcherServlet        : Exiting from "ERROR" dispatch, status 404
2021-05-28 16:20:59.976 DEBUG 9464 --- [main] s.w.s.m.m.a.RequestMappingHandlerAdapter : ControllerAdvice beans: 0 @ModelAttribute, 0 @InitBinder, 1 RequestBodyAdvice, 1 ResponseBodyAdvice
2021-05-28 16:21:00.150 DEBUG 9464 --- [main] s.w.s.m.m.a.RequestMappingHandlerMapping : 7 mappings in 'requestMappingHandlerMapping'
2021-05-28 16:21:00.255 DEBUG 9464 --- [main] o.s.w.s.handler.SimpleUrlHandlerMapping  : Patterns [/webjars/**, /**] in 'resourceHandlerMapping'
2021-05-28 16:21:00.276 DEBUG 9464 --- [main] .m.m.a.ExceptionHandlerExceptionResolver : ControllerAdvice beans: 0 @ExceptionHandler, 1 ResponseBodyAdvice
2021-05-28 16:21:03.699  INFO 9464 --- [RMI TCP Connection(3)-127.0.0.1] o.s.web.servlet.DispatcherServlet        : Initializing Servlet 'dispatcherServlet'
2021-05-28 16:21:03.699 DEBUG 9464 --- [RMI TCP Connection(3)-127.0.0.1] o.s.web.servlet.DispatcherServlet        : Detected StandardServletMultipartResolver
2021-05-28 16:21:03.700 DEBUG 9464 --- [RMI TCP Connection(3)-127.0.0.1] o.s.web.servlet.DispatcherServlet        : Detected AcceptHeaderLocaleResolver
2021-05-28 16:21:03.700 DEBUG 9464 --- [RMI TCP Connection(3)-127.0.0.1] o.s.web.servlet.DispatcherServlet        : Detected FixedThemeResolver
2021-05-28 16:21:03.701 DEBUG 9464 --- [RMI TCP Connection(3)-127.0.0.1] o.s.web.servlet.DispatcherServlet        : Detected org.springframework.web.servlet.view.DefaultRequestToViewNameTranslator@da11873
2021-05-28 16:21:03.702 DEBUG 9464 --- [RMI TCP Connection(3)-127.0.0.1] o.s.web.servlet.DispatcherServlet        : Detected org.springframework.web.servlet.support.SessionFlashMapManager@51e1e058
2021-05-28 16:21:03.702 DEBUG 9464 --- [RMI TCP Connection(3)-127.0.0.1] o.s.web.servlet.DispatcherServlet        : enableLoggingRequestDetails='false': request parameters and headers will be masked to prevent unsafe logging of potentially sensitive data
2021-05-28 16:21:03.702  INFO 9464 --- [RMI TCP Connection(3)-127.0.0.1] o.s.web.servlet.DispatcherServlet        : Completed initialization in 3 ms
2021-05-28 16:21:05.276 DEBUG 9464 --- [http-nio-8080-exec-1] o.s.web.servlet.DispatcherServlet        : GET "/actuator", parameters={}
2021-05-28 16:21:05.306 DEBUG 9464 --- [http-nio-8080-exec-2] o.s.web.servlet.DispatcherServlet        : GET "/actuator", parameters={}
2021-05-28 16:21:05.321 DEBUG 9464 --- [http-nio-8080-exec-1] m.m.a.RequestResponseBodyMethodProcessor : Using 'application/vnd.spring-boot.actuator.v3+json;q=0.8', given [text/html, application/xhtml+xml, image/avif, image/webp, image/apng, application/xml;q=0.9, application/signed-exchange;v=b3;q=0.9, */*;q=0.8] and supported [application/vnd.spring-boot.actuator.v3+json, application/vnd.spring-boot.actuator.v2+json, application/json]
2021-05-28 16:21:05.321 DEBUG 9464 --- [http-nio-8080-exec-2] m.m.a.RequestResponseBodyMethodProcessor : Using 'application/vnd.spring-boot.actuator.v3+json;q=0.8', given [text/html, application/xhtml+xml, image/avif, image/webp, image/apng, application/xml;q=0.9, application/signed-exchange;v=b3;q=0.9, */*;q=0.8] and supported [application/vnd.spring-boot.actuator.v3+json, application/vnd.spring-boot.actuator.v2+json, application/json]
2021-05-28 16:21:05.328 DEBUG 9464 --- [http-nio-8080-exec-2] m.m.a.RequestResponseBodyMethodProcessor : Writing [{_links={self=[Link@773e69d7 href = 'http://localhost:8080/actuator'], health=[Link@909160c href = ' (truncated)...]
2021-05-28 16:21:05.328 DEBUG 9464 --- [http-nio-8080-exec-1] m.m.a.RequestResponseBodyMethodProcessor : Writing [{_links={self=[Link@76db8fd9 href = 'http://localhost:8080/actuator'], health=[Link@77f087c5 href =  (truncated)...]
2021-05-28 16:21:05.348 DEBUG 9464 --- [http-nio-8080-exec-2] o.s.web.servlet.DispatcherServlet        : Completed 200 OK
2021-05-28 16:21:05.348 DEBUG 9464 --- [http-nio-8080-exec-1] o.s.web.servlet.DispatcherServlet        : Completed 200 OK
2021-05-28 16:21:11.207 DEBUG 9464 --- [http-nio-8080-exec-3] o.s.web.servlet.DispatcherServlet        : GET "/actuator/health", parameters={}
2021-05-28 16:21:11.232 DEBUG 9464 --- [http-nio-8080-exec-3] o.s.w.s.m.m.a.HttpEntityMethodProcessor  : Using 'application/vnd.spring-boot.actuator.v3+json;q=0.8', given [text/html, application/xhtml+xml, image/avif, image/webp, image/apng, application/xml;q=0.9, application/signed-exchange;v=b3;q=0.9, */*;q=0.8] and supported [application/vnd.spring-boot.actuator.v3+json, application/vnd.spring-boot.actuator.v2+json, application/json]
2021-05-28 16:21:11.240 DEBUG 9464 --- [http-nio-8080-exec-3] o.s.w.s.m.m.a.HttpEntityMethodProcessor  : Writing [org.springframework.boot.actuate.health.SystemHealth@1c7ce688]
2021-05-28 16:21:11.252 DEBUG 9464 --- [http-nio-8080-exec-3] o.s.web.servlet.DispatcherServlet        : Completed 200 OK
2021-05-28 16:21:16.294 DEBUG 9464 --- [http-nio-8080-exec-4] o.s.web.servlet.DispatcherServlet        : GET "/actuator/info", parameters={}
2021-05-28 16:21:16.301 DEBUG 9464 --- [http-nio-8080-exec-4] o.s.w.s.handler.SimpleUrlHandlerMapping  : Mapped to ResourceHttpRequestHandler [Classpath [META-INF/resources/], Classpath [resources/], Classpath [static/], Classpath [public/], ServletContext [/]]
2021-05-28 16:21:16.312 DEBUG 9464 --- [http-nio-8080-exec-4] o.s.w.s.r.ResourceHttpRequestHandler     : Resource not found
2021-05-28 16:21:16.312 DEBUG 9464 --- [http-nio-8080-exec-4] o.s.web.servlet.DispatcherServlet        : Completed 404 NOT_FOUND
2021-05-28 16:21:16.317 DEBUG 9464 --- [http-nio-8080-exec-4] o.s.web.servlet.DispatcherServlet        : "ERROR" dispatch for GET "/error", parameters={}
2021-05-28 16:21:16.320 DEBUG 9464 --- [http-nio-8080-exec-4] s.w.s.m.m.a.RequestMappingHandlerMapping : Mapped to org.springframework.boot.autoconfigure.web.servlet.error.BasicErrorController#errorHtml(HttpServletRequest, HttpServletResponse)
2021-05-28 16:21:16.363 DEBUG 9464 --- [http-nio-8080-exec-4] o.s.w.s.v.ContentNegotiatingViewResolver : Selected 'text/html' given [text/html, text/html;q=0.8]
2021-05-28 16:21:16.371 DEBUG 9464 --- [http-nio-8080-exec-4] o.s.web.servlet.DispatcherServlet        : Exiting from "ERROR" dispatch, status 404
2021-05-28 16:21:20.279 DEBUG 9464 --- [http-nio-8080-exec-6] o.s.web.servlet.DispatcherServlet        : GET "/actuator/health/%7B*path%7D", parameters={}
2021-05-28 16:21:20.282 DEBUG 9464 --- [http-nio-8080-exec-6] o.s.w.s.m.m.a.HttpEntityMethodProcessor  : Using 'application/vnd.spring-boot.actuator.v3+json;q=0.8', given [text/html, application/xhtml+xml, image/avif, image/webp, image/apng, application/xml;q=0.9, application/signed-exchange;v=b3;q=0.9, */*;q=0.8] and supported [application/vnd.spring-boot.actuator.v3+json, application/vnd.spring-boot.actuator.v2+json, application/json]
2021-05-28 16:21:20.283 DEBUG 9464 --- [http-nio-8080-exec-6] o.s.web.servlet.DispatcherServlet        : Completed 404 NOT_FOUND
2021-05-28 16:22:21.701 DEBUG 9464 --- [http-nio-8080-exec-8] o.s.web.servlet.DispatcherServlet        : GET "/actuator/info", parameters={}
2021-05-28 16:22:21.703 DEBUG 9464 --- [http-nio-8080-exec-8] o.s.w.s.handler.SimpleUrlHandlerMapping  : Mapped to ResourceHttpRequestHandler [Classpath [META-INF/resources/], Classpath [resources/], Classpath [static/], Classpath [public/], ServletContext [/]]
2021-05-28 16:22:21.707 DEBUG 9464 --- [http-nio-8080-exec-8] o.s.w.s.r.ResourceHttpRequestHandler     : Resource not found
2021-05-28 16:22:21.708 DEBUG 9464 --- [http-nio-8080-exec-8] o.s.web.servlet.DispatcherServlet        : Completed 404 NOT_FOUND
2021-05-28 16:22:21.709 DEBUG 9464 --- [http-nio-8080-exec-8] o.s.web.servlet.DispatcherServlet        : "ERROR" dispatch for GET "/error", parameters={}
2021-05-28 16:22:21.710 DEBUG 9464 --- [http-nio-8080-exec-8] s.w.s.m.m.a.RequestMappingHandlerMapping : Mapped to org.springframework.boot.autoconfigure.web.servlet.error.BasicErrorController#errorHtml(HttpServletRequest, HttpServletResponse)
2021-05-28 16:22:21.713 DEBUG 9464 --- [http-nio-8080-exec-8] o.s.w.s.v.ContentNegotiatingViewResolver : Selected 'text/html' given [text/html, text/html;q=0.8]
2021-05-28 16:22:21.713 DEBUG 9464 --- [http-nio-8080-exec-8] o.s.web.servlet.DispatcherServlet        : Exiting from "ERROR" dispatch, status 404
2021-05-28 16:24:01.327 DEBUG 9336 --- [main] s.w.s.m.m.a.RequestMappingHandlerAdapter : ControllerAdvice beans: 0 @ModelAttribute, 0 @InitBinder, 1 RequestBodyAdvice, 1 ResponseBodyAdvice
2021-05-28 16:24:01.432 DEBUG 9336 --- [main] s.w.s.m.m.a.RequestMappingHandlerMapping : 7 mappings in 'requestMappingHandlerMapping'
2021-05-28 16:24:01.487 DEBUG 9336 --- [main] o.s.w.s.handler.SimpleUrlHandlerMapping  : Patterns [/webjars/**, /**] in 'resourceHandlerMapping'
2021-05-28 16:24:01.500 DEBUG 9336 --- [main] .m.m.a.ExceptionHandlerExceptionResolver : ControllerAdvice beans: 0 @ExceptionHandler, 1 ResponseBodyAdvice
2021-05-28 16:24:02.230  INFO 9336 --- [http-nio-8080-exec-1] o.s.web.servlet.DispatcherServlet        : Initializing Servlet 'dispatcherServlet'
2021-05-28 16:24:02.231 DEBUG 9336 --- [http-nio-8080-exec-1] o.s.web.servlet.DispatcherServlet        : Detected StandardServletMultipartResolver
2021-05-28 16:24:02.231 DEBUG 9336 --- [http-nio-8080-exec-1] o.s.web.servlet.DispatcherServlet        : Detected AcceptHeaderLocaleResolver
2021-05-28 16:24:02.231 DEBUG 9336 --- [http-nio-8080-exec-1] o.s.web.servlet.DispatcherServlet        : Detected FixedThemeResolver
2021-05-28 16:24:02.232 DEBUG 9336 --- [http-nio-8080-exec-1] o.s.web.servlet.DispatcherServlet        : Detected org.springframework.web.servlet.view.DefaultRequestToViewNameTranslator@39159b14
2021-05-28 16:24:02.233 DEBUG 9336 --- [http-nio-8080-exec-1] o.s.web.servlet.DispatcherServlet        : Detected org.springframework.web.servlet.support.SessionFlashMapManager@23e0c200
2021-05-28 16:24:02.233 DEBUG 9336 --- [http-nio-8080-exec-1] o.s.web.servlet.DispatcherServlet        : enableLoggingRequestDetails='false': request parameters and headers will be masked to prevent unsafe logging of potentially sensitive data
2021-05-28 16:24:02.233  INFO 9336 --- [http-nio-8080-exec-1] o.s.web.servlet.DispatcherServlet        : Completed initialization in 3 ms
2021-05-28 16:24:02.245 DEBUG 9336 --- [http-nio-8080-exec-1] o.s.web.servlet.DispatcherServlet        : GET "/actuator", parameters={}
2021-05-28 16:24:02.296 DEBUG 9336 --- [http-nio-8080-exec-1] m.m.a.RequestResponseBodyMethodProcessor : Using 'application/vnd.spring-boot.actuator.v3+json;q=0.8', given [text/html, application/xhtml+xml, image/avif, image/webp, image/apng, application/xml;q=0.9, application/signed-exchange;v=b3;q=0.9, */*;q=0.8] and supported [application/vnd.spring-boot.actuator.v3+json, application/vnd.spring-boot.actuator.v2+json, application/json]
2021-05-28 16:24:02.306 DEBUG 9336 --- [http-nio-8080-exec-1] m.m.a.RequestResponseBodyMethodProcessor : Writing [{_links={self=[Link@3936a213 href = 'http://localhost:8080/actuator'], beans=[Link@6fb90fb4 href = ' (truncated)...]
2021-05-28 16:24:02.330 DEBUG 9336 --- [http-nio-8080-exec-1] o.s.web.servlet.DispatcherServlet        : Completed 200 OK
2021-05-28 16:24:10.250 DEBUG 9336 --- [http-nio-8080-exec-2] o.s.web.servlet.DispatcherServlet        : GET "/actuator/info", parameters={}
2021-05-28 16:24:10.276 DEBUG 9336 --- [http-nio-8080-exec-2] m.m.a.RequestResponseBodyMethodProcessor : Using 'application/vnd.spring-boot.actuator.v3+json;q=0.8', given [text/html, application/xhtml+xml, image/avif, image/webp, image/apng, application/xml;q=0.9, application/signed-exchange;v=b3;q=0.9, */*;q=0.8] and supported [application/vnd.spring-boot.actuator.v3+json, application/vnd.spring-boot.actuator.v2+json, application/json]
2021-05-28 16:24:10.279 DEBUG 9336 --- [http-nio-8080-exec-2] m.m.a.RequestResponseBodyMethodProcessor : Writing [{build={artifact=productrestapi, name=productrestapi, time=2021-05-28T10:53:40.537Z, version=0.0.1-S (truncated)...]
2021-05-28 16:24:10.282 DEBUG 9336 --- [http-nio-8080-exec-2] o.s.web.servlet.DispatcherServlet        : Completed 200 OK
2021-05-28 16:24:24.645 DEBUG 9336 --- [http-nio-8080-exec-3] o.s.web.servlet.DispatcherServlet        : GET "/actuator/metrics", parameters={}
2021-05-28 16:24:24.651 DEBUG 9336 --- [http-nio-8080-exec-3] m.m.a.RequestResponseBodyMethodProcessor : Using 'application/vnd.spring-boot.actuator.v3+json;q=0.8', given [text/html, application/xhtml+xml, image/avif, image/webp, image/apng, application/xml;q=0.9, application/signed-exchange;v=b3;q=0.9, */*;q=0.8] and supported [application/vnd.spring-boot.actuator.v3+json, application/vnd.spring-boot.actuator.v2+json, application/json]
2021-05-28 16:24:24.653 DEBUG 9336 --- [http-nio-8080-exec-3] m.m.a.RequestResponseBodyMethodProcessor : Writing [org.springframework.boot.actuate.metrics.MetricsEndpoint$ListNamesResponse@52575b72]
2021-05-28 16:24:24.657 DEBUG 9336 --- [http-nio-8080-exec-3] o.s.web.servlet.DispatcherServlet        : Completed 200 OK
2021-05-28 16:27:17.125 DEBUG 9336 --- [http-nio-8080-exec-7] o.s.web.servlet.DispatcherServlet        : GET "/actuator/health", parameters={}
2021-05-28 16:27:17.139 DEBUG 9336 --- [http-nio-8080-exec-7] o.s.w.s.m.m.a.HttpEntityMethodProcessor  : Using 'application/vnd.spring-boot.actuator.v3+json;q=0.8', given [text/html, application/xhtml+xml, image/avif, image/webp, image/apng, application/xml;q=0.9, application/signed-exchange;v=b3;q=0.9, */*;q=0.8] and supported [application/vnd.spring-boot.actuator.v3+json, application/vnd.spring-boot.actuator.v2+json, application/json]
2021-05-28 16:27:17.147 DEBUG 9336 --- [http-nio-8080-exec-7] o.s.w.s.m.m.a.HttpEntityMethodProcessor  : Writing [org.springframework.boot.actuate.health.SystemHealth@306d2059]
2021-05-28 16:27:17.155 DEBUG 9336 --- [http-nio-8080-exec-7] o.s.web.servlet.DispatcherServlet        : Completed 200 OK
2021-05-28 16:34:52.010 DEBUG 13768 --- [main] s.w.s.m.m.a.RequestMappingHandlerAdapter : ControllerAdvice beans: 0 @ModelAttribute, 0 @InitBinder, 1 RequestBodyAdvice, 1 ResponseBodyAdvice
2021-05-28 16:34:52.100 DEBUG 13768 --- [main] s.w.s.m.m.a.RequestMappingHandlerMapping : 7 mappings in 'requestMappingHandlerMapping'
2021-05-28 16:34:52.147 DEBUG 13768 --- [main] o.s.w.s.handler.SimpleUrlHandlerMapping  : Patterns [/webjars/**, /**] in 'resourceHandlerMapping'
2021-05-28 16:34:52.161 DEBUG 13768 --- [main] .m.m.a.ExceptionHandlerExceptionResolver : ControllerAdvice beans: 0 @ExceptionHandler, 1 ResponseBodyAdvice
2021-05-28 16:34:53.310  INFO 13768 --- [RMI TCP Connection(3)-127.0.0.1] o.s.web.servlet.DispatcherServlet        : Initializing Servlet 'dispatcherServlet'
2021-05-28 16:34:53.310 DEBUG 13768 --- [RMI TCP Connection(3)-127.0.0.1] o.s.web.servlet.DispatcherServlet        : Detected StandardServletMultipartResolver
2021-05-28 16:34:53.311 DEBUG 13768 --- [RMI TCP Connection(3)-127.0.0.1] o.s.web.servlet.DispatcherServlet        : Detected AcceptHeaderLocaleResolver
2021-05-28 16:34:53.311 DEBUG 13768 --- [RMI TCP Connection(3)-127.0.0.1] o.s.web.servlet.DispatcherServlet        : Detected FixedThemeResolver
2021-05-28 16:34:53.313 DEBUG 13768 --- [RMI TCP Connection(3)-127.0.0.1] o.s.web.servlet.DispatcherServlet        : Detected org.springframework.web.servlet.view.DefaultRequestToViewNameTranslator@52dd1be2
2021-05-28 16:34:53.313 DEBUG 13768 --- [RMI TCP Connection(3)-127.0.0.1] o.s.web.servlet.DispatcherServlet        : Detected org.springframework.web.servlet.support.SessionFlashMapManager@490fbeaa
2021-05-28 16:34:53.313 DEBUG 13768 --- [RMI TCP Connection(3)-127.0.0.1] o.s.web.servlet.DispatcherServlet        : enableLoggingRequestDetails='false': request parameters and headers will be masked to prevent unsafe logging of potentially sensitive data
2021-05-28 16:34:53.313  INFO 13768 --- [RMI TCP Connection(3)-127.0.0.1] o.s.web.servlet.DispatcherServlet        : Completed initialization in 3 ms
2021-05-28 16:34:59.413 DEBUG 13768 --- [http-nio-8080-exec-1] o.s.web.servlet.DispatcherServlet        : GET "/actuator", parameters={}
2021-05-28 16:34:59.448 DEBUG 13768 --- [http-nio-8080-exec-1] m.m.a.RequestResponseBodyMethodProcessor : Using 'application/vnd.spring-boot.actuator.v3+json;q=0.8', given [text/html, application/xhtml+xml, image/avif, image/webp, image/apng, application/xml;q=0.9, application/signed-exchange;v=b3;q=0.9, */*;q=0.8] and supported [application/vnd.spring-boot.actuator.v3+json, application/vnd.spring-boot.actuator.v2+json, application/json]
2021-05-28 16:34:59.452 DEBUG 13768 --- [http-nio-8080-exec-1] m.m.a.RequestResponseBodyMethodProcessor : Writing [{_links={self=[Link@4cf061f7 href = 'http://localhost:8080/actuator'], beans=[Link@2891ac59 href = ' (truncated)...]
2021-05-28 16:34:59.479 DEBUG 13768 --- [http-nio-8080-exec-1] o.s.web.servlet.DispatcherServlet        : Completed 200 OK
2021-05-28 16:35:02.154 DEBUG 13768 --- [http-nio-8080-exec-2] o.s.web.servlet.DispatcherServlet        : GET "/actuator/health", parameters={}
2021-05-28 16:35:02.179 DEBUG 13768 --- [http-nio-8080-exec-2] o.s.w.s.m.m.a.HttpEntityMethodProcessor  : Using 'application/vnd.spring-boot.actuator.v3+json;q=0.8', given [text/html, application/xhtml+xml, image/avif, image/webp, image/apng, application/xml;q=0.9, application/signed-exchange;v=b3;q=0.9, */*;q=0.8] and supported [application/vnd.spring-boot.actuator.v3+json, application/vnd.spring-boot.actuator.v2+json, application/json]
2021-05-28 16:35:02.185 DEBUG 13768 --- [http-nio-8080-exec-2] o.s.w.s.m.m.a.HttpEntityMethodProcessor  : Writing [org.springframework.boot.actuate.health.SystemHealth@7bb7e925]
2021-05-28 16:35:02.193 DEBUG 13768 --- [http-nio-8080-exec-2] o.s.web.servlet.DispatcherServlet        : Completed 503 SERVICE_UNAVAILABLE
2021-05-28 16:39:06.706  WARN 10932 --- [background-preinit] org.springframework.web.HttpLogging      : For Jackson Kotlin classes support please add "com.fasterxml.jackson.module:jackson-module-kotlin" to the classpath
2021-05-28 16:39:11.598 DEBUG 10932 --- [main] s.w.s.m.m.a.RequestMappingHandlerAdapter : ControllerAdvice beans: 0 @ModelAttribute, 0 @InitBinder, 1 RequestBodyAdvice, 1 ResponseBodyAdvice
2021-05-28 16:39:11.711 DEBUG 10932 --- [main] s.w.s.m.m.a.RequestMappingHandlerMapping : 7 mappings in 'requestMappingHandlerMapping'
2021-05-28 16:39:11.762 DEBUG 10932 --- [main] o.s.w.s.handler.SimpleUrlHandlerMapping  : Patterns [/webjars/**, /**] in 'resourceHandlerMapping'
2021-05-28 16:39:11.779 DEBUG 10932 --- [main] .m.m.a.ExceptionHandlerExceptionResolver : ControllerAdvice beans: 0 @ExceptionHandler, 1 ResponseBodyAdvice
2021-05-28 16:39:12.576 ERROR 10932 --- [main] o.s.b.d.LoggingFailureAnalysisReporter   : 

***************************
APPLICATION FAILED TO START
***************************

Description:

Web server failed to start. Port 8080 was already in use.

Action:

Identify and stop the process that's listening on port 8080 or configure this application to listen on another port.

2021-05-28 16:40:01.676  WARN 14416 --- [background-preinit] org.springframework.web.HttpLogging      : For Jackson Kotlin classes support please add "com.fasterxml.jackson.module:jackson-module-kotlin" to the classpath
2021-05-28 16:40:06.069 DEBUG 14416 --- [main] s.w.s.m.m.a.RequestMappingHandlerAdapter : ControllerAdvice beans: 0 @ModelAttribute, 0 @InitBinder, 1 RequestBodyAdvice, 1 ResponseBodyAdvice
2021-05-28 16:40:06.182 DEBUG 14416 --- [main] s.w.s.m.m.a.RequestMappingHandlerMapping : 7 mappings in 'requestMappingHandlerMapping'
2021-05-28 16:40:06.223 DEBUG 14416 --- [main] o.s.w.s.handler.SimpleUrlHandlerMapping  : Patterns [/webjars/**, /**] in 'resourceHandlerMapping'
2021-05-28 16:40:06.239 DEBUG 14416 --- [main] .m.m.a.ExceptionHandlerExceptionResolver : ControllerAdvice beans: 0 @ExceptionHandler, 1 ResponseBodyAdvice
2021-05-28 16:40:09.702  INFO 14416 --- [RMI TCP Connection(3)-127.0.0.1] o.s.web.servlet.DispatcherServlet        : Initializing Servlet 'dispatcherServlet'
2021-05-28 16:40:09.702 DEBUG 14416 --- [RMI TCP Connection(3)-127.0.0.1] o.s.web.servlet.DispatcherServlet        : Detected StandardServletMultipartResolver
2021-05-28 16:40:09.702 DEBUG 14416 --- [RMI TCP Connection(3)-127.0.0.1] o.s.web.servlet.DispatcherServlet        : Detected AcceptHeaderLocaleResolver
2021-05-28 16:40:09.703 DEBUG 14416 --- [RMI TCP Connection(3)-127.0.0.1] o.s.web.servlet.DispatcherServlet        : Detected FixedThemeResolver
2021-05-28 16:40:09.706 DEBUG 14416 --- [RMI TCP Connection(3)-127.0.0.1] o.s.web.servlet.DispatcherServlet        : Detected org.springframework.web.servlet.view.DefaultRequestToViewNameTranslator@2979c6ef
2021-05-28 16:40:09.706 DEBUG 14416 --- [RMI TCP Connection(3)-127.0.0.1] o.s.web.servlet.DispatcherServlet        : Detected org.springframework.web.servlet.support.SessionFlashMapManager@768e40af
2021-05-28 16:40:09.707 DEBUG 14416 --- [RMI TCP Connection(3)-127.0.0.1] o.s.web.servlet.DispatcherServlet        : enableLoggingRequestDetails='false': request parameters and headers will be masked to prevent unsafe logging of potentially sensitive data
2021-05-28 16:40:09.707  INFO 14416 --- [RMI TCP Connection(3)-127.0.0.1] o.s.web.servlet.DispatcherServlet        : Completed initialization in 5 ms
2021-05-28 16:40:38.451 DEBUG 14416 --- [http-nio-8080-exec-1] o.s.web.servlet.DispatcherServlet        : GET "/actuator/health", parameters={}
2021-05-28 16:40:38.500 DEBUG 14416 --- [http-nio-8080-exec-1] o.s.w.s.m.m.a.HttpEntityMethodProcessor  : Using 'application/vnd.spring-boot.actuator.v3+json;q=0.8', given [text/html, application/xhtml+xml, image/avif, image/webp, image/apng, application/xml;q=0.9, application/signed-exchange;v=b3;q=0.9, */*;q=0.8] and supported [application/vnd.spring-boot.actuator.v3+json, application/vnd.spring-boot.actuator.v2+json, application/json]
2021-05-28 16:40:38.507 DEBUG 14416 --- [http-nio-8080-exec-1] o.s.w.s.m.m.a.HttpEntityMethodProcessor  : Writing [org.springframework.boot.actuate.health.SystemHealth@104aa9f7]
2021-05-28 16:40:38.530 DEBUG 14416 --- [http-nio-8080-exec-1] o.s.web.servlet.DispatcherServlet        : Completed 503 SERVICE_UNAVAILABLE
2021-05-28 16:40:39.965 DEBUG 14416 --- [http-nio-8080-exec-2] o.s.web.servlet.DispatcherServlet        : GET "/actuator/health", parameters={}
2021-05-28 16:40:39.970 DEBUG 14416 --- [http-nio-8080-exec-2] o.s.w.s.m.m.a.HttpEntityMethodProcessor  : Using 'application/vnd.spring-boot.actuator.v3+json;q=0.8', given [text/html, application/xhtml+xml, image/avif, image/webp, image/apng, application/xml;q=0.9, application/signed-exchange;v=b3;q=0.9, */*;q=0.8] and supported [application/vnd.spring-boot.actuator.v3+json, application/vnd.spring-boot.actuator.v2+json, application/json]
2021-05-28 16:40:39.971 DEBUG 14416 --- [http-nio-8080-exec-2] o.s.w.s.m.m.a.HttpEntityMethodProcessor  : Writing [org.springframework.boot.actuate.health.SystemHealth@7fb7cf04]
2021-05-28 16:40:39.973 DEBUG 14416 --- [http-nio-8080-exec-2] o.s.web.servlet.DispatcherServlet        : Completed 503 SERVICE_UNAVAILABLE
2021-05-28 16:42:23.711  INFO 6204 --- [main] c.c.springweb.ProductrestapiApplication  : Starting ProductrestapiApplication using Java 15.0.2 on cogniwswan-v05 with PID 6204 (D:\Innovation_pro\spring-boot\workspace\productrestapi\target\classes started by cganna in D:\Innovation_pro\spring-boot\workspace\productrestapi)
2021-05-28 16:42:23.715  INFO 6204 --- [main] c.c.springweb.ProductrestapiApplication  : The following profiles are active: dev
2021-05-28 16:42:23.888  WARN 6204 --- [background-preinit] o.s.h.c.j.Jackson2ObjectMapperBuilder    : For Jackson Kotlin classes support please add "com.fasterxml.jackson.module:jackson-module-kotlin" to the classpath
2021-05-28 16:42:24.889  INFO 6204 --- [main] .s.d.r.c.RepositoryConfigurationDelegate : Bootstrapping Spring Data JPA repositories in DEFAULT mode.
2021-05-28 16:42:24.954  INFO 6204 --- [main] .s.d.r.c.RepositoryConfigurationDelegate : Finished Spring Data repository scanning in 53 ms. Found 1 JPA repository interfaces.
2021-05-28 16:42:25.352  INFO 6204 --- [main] trationDelegate$BeanPostProcessorChecker : Bean 'management.metrics-org.springframework.boot.actuate.autoconfigure.metrics.MetricsProperties' of type [org.springframework.boot.actuate.autoconfigure.metrics.MetricsProperties] is not eligible for getting processed by all BeanPostProcessors (for example: not eligible for auto-proxying)
2021-05-28 16:42:25.352  INFO 6204 --- [main] trationDelegate$BeanPostProcessorChecker : Bean 'org.springframework.boot.actuate.autoconfigure.metrics.data.RepositoryMetricsAutoConfiguration' of type [org.springframework.boot.actuate.autoconfigure.metrics.data.RepositoryMetricsAutoConfiguration] is not eligible for getting processed by all BeanPostProcessors (for example: not eligible for auto-proxying)
2021-05-28 16:42:25.353  INFO 6204 --- [main] trationDelegate$BeanPostProcessorChecker : Bean 'org.springframework.boot.actuate.autoconfigure.metrics.export.simple.SimpleMetricsExportAutoConfiguration' of type [org.springframework.boot.actuate.autoconfigure.metrics.export.simple.SimpleMetricsExportAutoConfiguration] is not eligible for getting processed by all BeanPostProcessors (for example: not eligible for auto-proxying)
2021-05-28 16:42:25.356  INFO 6204 --- [main] trationDelegate$BeanPostProcessorChecker : Bean 'management.metrics.export.simple-org.springframework.boot.actuate.autoconfigure.metrics.export.simple.SimpleProperties' of type [org.springframework.boot.actuate.autoconfigure.metrics.export.simple.SimpleProperties] is not eligible for getting processed by all BeanPostProcessors (for example: not eligible for auto-proxying)
2021-05-28 16:42:25.358  INFO 6204 --- [main] trationDelegate$BeanPostProcessorChecker : Bean 'simpleConfig' of type [org.springframework.boot.actuate.autoconfigure.metrics.export.simple.SimplePropertiesConfigAdapter] is not eligible for getting processed by all BeanPostProcessors (for example: not eligible for auto-proxying)
2021-05-28 16:42:25.363  INFO 6204 --- [main] trationDelegate$BeanPostProcessorChecker : Bean 'org.springframework.boot.actuate.autoconfigure.metrics.MetricsAutoConfiguration' of type [org.springframework.boot.actuate.autoconfigure.metrics.MetricsAutoConfiguration] is not eligible for getting processed by all BeanPostProcessors (for example: not eligible for auto-proxying)
2021-05-28 16:42:25.363  INFO 6204 --- [main] trationDelegate$BeanPostProcessorChecker : Bean 'micrometerClock' of type [io.micrometer.core.instrument.Clock$1] is not eligible for getting processed by all BeanPostProcessors (for example: not eligible for auto-proxying)
2021-05-28 16:42:25.381  INFO 6204 --- [main] trationDelegate$BeanPostProcessorChecker : Bean 'simpleMeterRegistry' of type [io.micrometer.core.instrument.simple.SimpleMeterRegistry] is not eligible for getting processed by all BeanPostProcessors (for example: not eligible for auto-proxying)
2021-05-28 16:42:25.388  INFO 6204 --- [main] trationDelegate$BeanPostProcessorChecker : Bean 'repositoryTagsProvider' of type [org.springframework.boot.actuate.metrics.data.DefaultRepositoryTagsProvider] is not eligible for getting processed by all BeanPostProcessors (for example: not eligible for auto-proxying)
2021-05-28 16:42:25.389  INFO 6204 --- [main] trationDelegate$BeanPostProcessorChecker : Bean 'metricsRepositoryMethodInvocationListener' of type [org.springframework.boot.actuate.metrics.data.MetricsRepositoryMethodInvocationListener] is not eligible for getting processed by all BeanPostProcessors (for example: not eligible for auto-proxying)
2021-05-28 16:42:25.723  INFO 6204 --- [main] o.s.b.w.embedded.tomcat.TomcatWebServer  : Tomcat initialized with port(s): 8080 (http)
2021-05-28 16:42:25.749  INFO 6204 --- [main] o.apache.catalina.core.StandardService   : Starting service [Tomcat]
2021-05-28 16:42:25.751  INFO 6204 --- [main] org.apache.catalina.core.StandardEngine  : Starting Servlet engine: [Apache Tomcat/9.0.46]
2021-05-28 16:42:25.939  INFO 6204 --- [main] o.a.c.c.C.[Tomcat].[localhost].[/]       : Initializing Spring embedded WebApplicationContext
2021-05-28 16:42:25.940  INFO 6204 --- [main] w.s.c.ServletWebServerApplicationContext : Root WebApplicationContext: initialization completed in 2171 ms
2021-05-28 16:42:26.186  INFO 6204 --- [main] com.zaxxer.hikari.HikariDataSource       : HikariPool-1 - Starting...
2021-05-28 16:42:26.414  INFO 6204 --- [main] com.zaxxer.hikari.HikariDataSource       : HikariPool-1 - Start completed.
2021-05-28 16:42:26.480  INFO 6204 --- [main] o.hibernate.jpa.internal.util.LogHelper  : HHH000204: Processing PersistenceUnitInfo [name: default]
2021-05-28 16:42:26.558  INFO 6204 --- [main] org.hibernate.Version                    : HHH000412: Hibernate ORM core version 5.4.31.Final
2021-05-28 16:42:26.775  INFO 6204 --- [main] o.hibernate.annotations.common.Version   : HCANN000001: Hibernate Commons Annotations {5.1.2.Final}
2021-05-28 16:42:26.961  INFO 6204 --- [main] org.hibernate.dialect.Dialect            : HHH000400: Using dialect: org.hibernate.dialect.PostgreSQL10Dialect
2021-05-28 16:42:27.690  INFO 6204 --- [main] o.h.e.t.j.p.i.JtaPlatformInitiator       : HHH000490: Using JtaPlatform implementation: [org.hibernate.engine.transaction.jta.platform.internal.NoJtaPlatform]
2021-05-28 16:42:27.712  INFO 6204 --- [main] j.LocalContainerEntityManagerFactoryBean : Initialized JPA EntityManagerFactory for persistence unit 'default'
2021-05-28 16:42:28.167  WARN 6204 --- [main] JpaBaseConfiguration$JpaWebConfiguration : spring.jpa.open-in-view is enabled by default. Therefore, database queries may be performed during view rendering. Explicitly configure spring.jpa.open-in-view to disable this warning
2021-05-28 16:42:28.366 DEBUG 6204 --- [main] s.w.s.m.m.a.RequestMappingHandlerAdapter : ControllerAdvice beans: 0 @ModelAttribute, 0 @InitBinder, 1 RequestBodyAdvice, 1 ResponseBodyAdvice
2021-05-28 16:42:28.464 DEBUG 6204 --- [main] s.w.s.m.m.a.RequestMappingHandlerMapping : 7 mappings in 'requestMappingHandlerMapping'
2021-05-28 16:42:28.510 DEBUG 6204 --- [main] o.s.w.s.handler.SimpleUrlHandlerMapping  : Patterns [/webjars/**, /**] in 'resourceHandlerMapping'
2021-05-28 16:42:28.525 DEBUG 6204 --- [main] .m.m.a.ExceptionHandlerExceptionResolver : ControllerAdvice beans: 0 @ExceptionHandler, 1 ResponseBodyAdvice
2021-05-28 16:42:28.928  INFO 6204 --- [main] .s.s.UserDetailsServiceAutoConfiguration : 

Using generated security password: 139840f3-3ae3-4d01-8fc2-28eaa705c2b1

2021-05-28 16:42:29.113  INFO 6204 --- [main] o.s.b.a.e.web.EndpointLinksResolver      : Exposing 14 endpoint(s) beneath base path '/actuator'
2021-05-28 16:42:29.153  INFO 6204 --- [main] o.s.s.web.DefaultSecurityFilterChain     : Will secure any request with [org.springframework.security.web.context.request.async.WebAsyncManagerIntegrationFilter@136cad3e, org.springframework.security.web.context.SecurityContextPersistenceFilter@7891742e, org.springframework.security.web.header.HeaderWriterFilter@2eb03908, org.springframework.web.filter.CorsFilter@13e5b262, org.springframework.security.web.csrf.CsrfFilter@5c28009f, org.springframework.security.web.authentication.logout.LogoutFilter@65b1693c, org.springframework.security.web.authentication.UsernamePasswordAuthenticationFilter@165a5979, org.springframework.security.web.authentication.ui.DefaultLoginPageGeneratingFilter@9a74a93, org.springframework.security.web.authentication.ui.DefaultLogoutPageGeneratingFilter@6500e886, org.springframework.security.web.authentication.www.BasicAuthenticationFilter@3889c343, org.springframework.security.web.savedrequest.RequestCacheAwareFilter@781bd9dd, org.springframework.security.web.servletapi.SecurityContextHolderAwareRequestFilter@357e7113, org.springframework.security.web.authentication.AnonymousAuthenticationFilter@220e1b7b, org.springframework.security.web.session.SessionManagementFilter@1e49a77e, org.springframework.security.web.access.ExceptionTranslationFilter@2b9615cb, org.springframework.security.web.access.intercept.FilterSecurityInterceptor@1d45c4b7]
2021-05-28 16:42:29.306  INFO 6204 --- [main] o.s.b.w.embedded.tomcat.TomcatWebServer  : Tomcat started on port(s): 8080 (http) with context path ''
2021-05-28 16:42:29.327  INFO 6204 --- [main] c.c.springweb.ProductrestapiApplication  : Started ProductrestapiApplication in 6.164 seconds (JVM running for 7.303)
2021-05-28 16:42:29.339  INFO 6204 --- [main] o.s.b.a.ApplicationAvailabilityBean      : Application availability state LivenessState changed to CORRECT
2021-05-28 16:42:29.342  INFO 6204 --- [main] o.s.b.a.ApplicationAvailabilityBean      : Application availability state ReadinessState changed to ACCEPTING_TRAFFIC
2021-05-28 16:42:30.919  INFO 6204 --- [RMI TCP Connection(3)-127.0.0.1] o.a.c.c.C.[Tomcat].[localhost].[/]       : Initializing Spring DispatcherServlet 'dispatcherServlet'
2021-05-28 16:42:30.919  INFO 6204 --- [RMI TCP Connection(3)-127.0.0.1] o.s.web.servlet.DispatcherServlet        : Initializing Servlet 'dispatcherServlet'
2021-05-28 16:42:30.919 DEBUG 6204 --- [RMI TCP Connection(3)-127.0.0.1] o.s.web.servlet.DispatcherServlet        : Detected StandardServletMultipartResolver
2021-05-28 16:42:30.920 DEBUG 6204 --- [RMI TCP Connection(3)-127.0.0.1] o.s.web.servlet.DispatcherServlet        : Detected AcceptHeaderLocaleResolver
2021-05-28 16:42:30.920 DEBUG 6204 --- [RMI TCP Connection(3)-127.0.0.1] o.s.web.servlet.DispatcherServlet        : Detected FixedThemeResolver
2021-05-28 16:42:30.921 DEBUG 6204 --- [RMI TCP Connection(3)-127.0.0.1] o.s.web.servlet.DispatcherServlet        : Detected org.springframework.web.servlet.view.DefaultRequestToViewNameTranslator@70f76276
2021-05-28 16:42:30.922 DEBUG 6204 --- [RMI TCP Connection(3)-127.0.0.1] o.s.web.servlet.DispatcherServlet        : Detected org.springframework.web.servlet.support.SessionFlashMapManager@72c1bf75
2021-05-28 16:42:30.922 DEBUG 6204 --- [RMI TCP Connection(3)-127.0.0.1] o.s.web.servlet.DispatcherServlet        : enableLoggingRequestDetails='false': request parameters and headers will be masked to prevent unsafe logging of potentially sensitive data
2021-05-28 16:42:30.922  INFO 6204 --- [RMI TCP Connection(3)-127.0.0.1] o.s.web.servlet.DispatcherServlet        : Completed initialization in 3 ms
2021-05-28 16:42:57.447 DEBUG 6204 --- [http-nio-8080-exec-1] o.s.web.servlet.DispatcherServlet        : GET "/actuator/health", parameters={}
2021-05-28 16:42:57.496 DEBUG 6204 --- [http-nio-8080-exec-1] o.s.w.s.m.m.a.HttpEntityMethodProcessor  : Using 'application/vnd.spring-boot.actuator.v3+json;q=0.8', given [text/html, application/xhtml+xml, image/avif, image/webp, image/apng, application/xml;q=0.9, application/signed-exchange;v=b3;q=0.9, */*;q=0.8] and supported [application/vnd.spring-boot.actuator.v3+json, application/vnd.spring-boot.actuator.v2+json, application/json]
2021-05-28 16:42:57.503 DEBUG 6204 --- [http-nio-8080-exec-1] o.s.w.s.m.m.a.HttpEntityMethodProcessor  : Writing [org.springframework.boot.actuate.health.SystemHealth@6377436e]
2021-05-28 16:42:57.524 DEBUG 6204 --- [http-nio-8080-exec-1] o.s.web.servlet.DispatcherServlet        : Completed 503 SERVICE_UNAVAILABLE
2021-05-28 16:42:59.083 DEBUG 6204 --- [http-nio-8080-exec-2] o.s.web.servlet.DispatcherServlet        : GET "/actuator/health", parameters={}
2021-05-28 16:42:59.090 DEBUG 6204 --- [http-nio-8080-exec-2] o.s.w.s.m.m.a.HttpEntityMethodProcessor  : Using 'application/vnd.spring-boot.actuator.v3+json;q=0.8', given [text/html, application/xhtml+xml, image/avif, image/webp, image/apng, application/xml;q=0.9, application/signed-exchange;v=b3;q=0.9, */*;q=0.8] and supported [application/vnd.spring-boot.actuator.v3+json, application/vnd.spring-boot.actuator.v2+json, application/json]
2021-05-28 16:42:59.091 DEBUG 6204 --- [http-nio-8080-exec-2] o.s.w.s.m.m.a.HttpEntityMethodProcessor  : Writing [org.springframework.boot.actuate.health.SystemHealth@6e308ab8]
2021-05-28 16:42:59.092 DEBUG 6204 --- [http-nio-8080-exec-2] o.s.web.servlet.DispatcherServlet        : Completed 503 SERVICE_UNAVAILABLE
2021-05-28 16:43:07.282 DEBUG 6204 --- [http-nio-8080-exec-3] o.s.w.s.handler.SimpleUrlHandlerMapping  : Mapped to ResourceHttpRequestHandler [Classpath [META-INF/resources/], Classpath [resources/], Classpath [static/], Classpath [public/], ServletContext [/]]
2021-05-28 16:43:07.352 DEBUG 6204 --- [http-nio-8080-exec-4] o.s.w.s.handler.SimpleUrlHandlerMapping  : Mapped to ResourceHttpRequestHandler [Classpath [META-INF/resources/], Classpath [resources/], Classpath [static/], Classpath [public/], ServletContext [/]]
2021-05-28 16:43:16.446 DEBUG 6204 --- [http-nio-8080-exec-5] o.s.w.s.handler.SimpleUrlHandlerMapping  : Mapped to ResourceHttpRequestHandler [Classpath [META-INF/resources/], Classpath [resources/], Classpath [static/], Classpath [public/], ServletContext [/]]
2021-05-28 16:43:16.746 DEBUG 6204 --- [http-nio-8080-exec-6] o.s.w.s.handler.SimpleUrlHandlerMapping  : Mapped to ResourceHttpRequestHandler [Classpath [META-INF/resources/], Classpath [resources/], Classpath [static/], Classpath [public/], ServletContext [/]]
2021-05-28 16:43:16.748 DEBUG 6204 --- [http-nio-8080-exec-6] o.s.web.servlet.DispatcherServlet        : GET "/", parameters={}
2021-05-28 16:43:16.751 DEBUG 6204 --- [http-nio-8080-exec-6] o.s.w.s.handler.SimpleUrlHandlerMapping  : Mapped to ResourceHttpRequestHandler [Classpath [META-INF/resources/], Classpath [resources/], Classpath [static/], Classpath [public/], ServletContext [/]]
2021-05-28 16:43:16.756 DEBUG 6204 --- [http-nio-8080-exec-6] o.s.w.s.r.ResourceHttpRequestHandler     : Resource not found
2021-05-28 16:43:16.756 DEBUG 6204 --- [http-nio-8080-exec-6] o.s.web.servlet.DispatcherServlet        : Completed 404 NOT_FOUND
2021-05-28 16:43:16.760 DEBUG 6204 --- [http-nio-8080-exec-6] o.s.web.servlet.DispatcherServlet        : "ERROR" dispatch for GET "/error", parameters={}
2021-05-28 16:43:16.762 DEBUG 6204 --- [http-nio-8080-exec-6] s.w.s.m.m.a.RequestMappingHandlerMapping : Mapped to org.springframework.boot.autoconfigure.web.servlet.error.BasicErrorController#errorHtml(HttpServletRequest, HttpServletResponse)
2021-05-28 16:43:16.805 DEBUG 6204 --- [http-nio-8080-exec-6] o.s.w.s.v.ContentNegotiatingViewResolver : Selected 'text/html' given [text/html, text/html;q=0.8]
2021-05-28 16:43:16.808 DEBUG 6204 --- [http-nio-8080-exec-6] o.s.web.servlet.DispatcherServlet        : Exiting from "ERROR" dispatch, status 404
2021-05-28 16:43:19.736 DEBUG 6204 --- [http-nio-8080-exec-7] o.s.w.s.handler.SimpleUrlHandlerMapping  : Mapped to ResourceHttpRequestHandler [Classpath [META-INF/resources/], Classpath [resources/], Classpath [static/], Classpath [public/], ServletContext [/]]
2021-05-28 16:43:26.335 DEBUG 6204 --- [http-nio-8080-exec-8] o.s.w.s.handler.SimpleUrlHandlerMapping  : Mapped to ResourceHttpRequestHandler [Classpath [META-INF/resources/], Classpath [resources/], Classpath [static/], Classpath [public/], ServletContext [/]]
2021-05-28 16:43:26.507 DEBUG 6204 --- [http-nio-8080-exec-9] o.s.w.s.handler.SimpleUrlHandlerMapping  : Mapped to ResourceHttpRequestHandler [Classpath [META-INF/resources/], Classpath [resources/], Classpath [static/], Classpath [public/], ServletContext [/]]
2021-05-28 16:43:35.245 DEBUG 6204 --- [http-nio-8080-exec-10] o.s.w.s.handler.SimpleUrlHandlerMapping  : Mapped to ResourceHttpRequestHandler [Classpath [META-INF/resources/], Classpath [resources/], Classpath [static/], Classpath [public/], ServletContext [/]]
2021-05-28 16:43:35.384 DEBUG 6204 --- [http-nio-8080-exec-1] o.s.w.s.handler.SimpleUrlHandlerMapping  : Mapped to ResourceHttpRequestHandler [Classpath [META-INF/resources/], Classpath [resources/], Classpath [static/], Classpath [public/], ServletContext [/]]
2021-05-28 16:43:35.385 DEBUG 6204 --- [http-nio-8080-exec-1] o.s.web.servlet.DispatcherServlet        : GET "/", parameters={}
2021-05-28 16:43:35.386 DEBUG 6204 --- [http-nio-8080-exec-1] o.s.w.s.handler.SimpleUrlHandlerMapping  : Mapped to ResourceHttpRequestHandler [Classpath [META-INF/resources/], Classpath [resources/], Classpath [static/], Classpath [public/], ServletContext [/]]
2021-05-28 16:43:35.386 DEBUG 6204 --- [http-nio-8080-exec-1] o.s.w.s.r.ResourceHttpRequestHandler     : Resource not found
2021-05-28 16:43:35.386 DEBUG 6204 --- [http-nio-8080-exec-1] o.s.web.servlet.DispatcherServlet        : Completed 404 NOT_FOUND
2021-05-28 16:43:35.387 DEBUG 6204 --- [http-nio-8080-exec-1] o.s.web.servlet.DispatcherServlet        : "ERROR" dispatch for GET "/error", parameters={}
2021-05-28 16:43:35.388 DEBUG 6204 --- [http-nio-8080-exec-1] s.w.s.m.m.a.RequestMappingHandlerMapping : Mapped to org.springframework.boot.autoconfigure.web.servlet.error.BasicErrorController#errorHtml(HttpServletRequest, HttpServletResponse)
2021-05-28 16:43:35.390 DEBUG 6204 --- [http-nio-8080-exec-1] o.s.w.s.v.ContentNegotiatingViewResolver : Selected 'text/html' given [text/html, text/html;q=0.8]
2021-05-28 16:43:35.390 DEBUG 6204 --- [http-nio-8080-exec-1] o.s.web.servlet.DispatcherServlet        : Exiting from "ERROR" dispatch, status 404
2021-05-28 16:43:39.523 DEBUG 6204 --- [http-nio-8080-exec-2] s.w.s.m.m.a.RequestMappingHandlerMapping : Mapped to com.cganna.springweb.controllers.ProductController#getAllProducts()
2021-05-28 16:43:39.524 DEBUG 6204 --- [http-nio-8080-exec-2] o.s.web.servlet.DispatcherServlet        : GET "/products", parameters={}
2021-05-28 16:43:39.526 DEBUG 6204 --- [http-nio-8080-exec-2] s.w.s.m.m.a.RequestMappingHandlerMapping : Mapped to com.cganna.springweb.controllers.ProductController#getAllProducts()
2021-05-28 16:43:39.737 DEBUG 6204 --- [http-nio-8080-exec-2] m.m.a.RequestResponseBodyMethodProcessor : Using 'application/json;q=0.8', given [text/html, application/xhtml+xml, image/avif, image/webp, image/apng, application/xml;q=0.9, application/signed-exchange;v=b3;q=0.9, */*;q=0.8] and supported [application/json, application/*+json, application/json, application/*+json]
2021-05-28 16:43:39.737 DEBUG 6204 --- [http-nio-8080-exec-2] m.m.a.RequestResponseBodyMethodProcessor : Writing [[com.cganna.springweb.entities.Product@5b27ecf5, com.cganna.springweb.entities.Product@38b13ea4]]
2021-05-28 16:43:39.741 DEBUG 6204 --- [http-nio-8080-exec-2] o.s.web.servlet.DispatcherServlet        : Completed 200 OK
2021-05-28 19:30:21.949  INFO 6204 --- [RMI TCP Connection(172)-127.0.0.1] inMXBeanRegistrar$SpringApplicationAdmin : Application shutdown requested.
2021-05-28 19:30:21.960  INFO 6204 --- [RMI TCP Connection(172)-127.0.0.1] o.s.b.a.ApplicationAvailabilityBean      : Application availability state ReadinessState changed from ACCEPTING_TRAFFIC to REFUSING_TRAFFIC
